[03:30:14] [modloading-worker-0/INFO] ========================================
[03:30:14] [modloading-worker-0/INFO] Minecraft: 1.20.1
[03:30:14] [modloading-worker-0/INFO] Side: server
[03:30:14] [modloading-worker-0/INFO] Development: false
[03:30:14] [modloading-worker-0/INFO] Version: 12.1.785
[03:30:14] [modloading-worker-0/INFO] Loader:
[03:30:14] [modloading-worker-0/INFO] - Forge: 47.3.7
[03:30:14] [modloading-worker-0/INFO] Dependencies:
[03:30:14] [modloading-worker-0/INFO] - Cloth Config: 11.1.136
[03:30:14] [modloading-worker-0/INFO] - Architectury: 9.2.14
[03:30:14] [modloading-worker-0/INFO] Mixin: 0.8.5
[03:30:14] [modloading-worker-0/INFO] OS: Linux 6.8.0-1026-azure (amd64)
[03:30:14] [modloading-worker-0/INFO] Java: 17.0.14 (Ubuntu)
[03:30:14] [modloading-worker-0/INFO] ========================================
[03:30:14] [modloading-worker-0/INFO] Mods:
[03:30:14] [modloading-worker-0/INFO] - aether: 1.20.1-1.5.2-neoforge
[03:30:14] [modloading-worker-0/INFO] - aetherdelight: 1.0.0
[03:30:14] [modloading-worker-0/INFO] - alexscaves: 2.0.2
[03:30:14] [modloading-worker-0/INFO] - alexscaves_torpedoes: 1.0.2
[03:30:14] [modloading-worker-0/INFO] - alexsmobs: 1.22.9
[03:30:14] [modloading-worker-0/INFO] - alexsmobsinteraction: 5.4
[03:30:14] [modloading-worker-0/INFO] - alternate_current: 1.7.0
[03:30:14] [modloading-worker-0/INFO] - amendments: 1.20-1.2.19
[03:30:14] [modloading-worker-0/INFO] - animal_armor_trims: 2.0.1
[03:30:14] [modloading-worker-0/INFO] - aquaculture: 2.5.5
[03:30:14] [modloading-worker-0/INFO] - aquaculturedelight: 1.1.1
[03:30:14] [modloading-worker-0/INFO] - architectury: 9.2.14
[03:30:14] [modloading-worker-0/INFO] - ash_api: 3.0.2+1.20.1
[03:30:14] [modloading-worker-0/INFO] - astemirlib: 1.25
[03:30:14] [modloading-worker-0/INFO] - attributefix: 21.0.4
[03:30:14] [modloading-worker-0/INFO] - bakery: 1.1.15
[03:30:14] [modloading-worker-0/INFO] - beachparty: 1.1.5
[03:30:14] [modloading-worker-0/INFO] - benssharks: 1.2.5
[03:30:14] [modloading-worker-0/INFO] - biomancy: 2.8.19.0
[03:30:14] [modloading-worker-0/INFO] - blueprint: 7.1.3
[03:30:14] [modloading-worker-0/INFO] - bookshelf: 20.2.13
[03:30:14] [modloading-worker-0/INFO] - born_in_chaos_v1: 1.6.3
[03:30:14] [modloading-worker-0/INFO] - borninconfiguration: 3.0.1
[03:30:14] [modloading-worker-0/INFO] - brewery: 1.1.9
[03:30:14] [modloading-worker-0/INFO] - brewinandchewin: 1.20.1-3.2.1
[03:30:14] [modloading-worker-0/INFO] - butchersdelight: 1.20.12.1.0
[03:30:14] [modloading-worker-0/INFO] - caelus: 3.2.0+1.20.1
[03:30:14] [modloading-worker-0/INFO] - call_of_yucutan: 1.0.13
[03:30:14] [modloading-worker-0/INFO] - carryon: 2.1.2.7
[03:30:14] [modloading-worker-0/INFO] - citadel: 2.6.1
[03:30:14] [modloading-worker-0/INFO] - cloth_config: 11.1.136
[03:30:14] [modloading-worker-0/INFO] - clumps: 12.0.0.4
[03:30:14] [modloading-worker-0/INFO] - conditional_mixin: 0.6.3
[03:30:14] [modloading-worker-0/INFO] - configured: 2.2.3
[03:30:14] [modloading-worker-0/INFO] - connectedglass: 1.1.13
[03:30:14] [modloading-worker-0/INFO] - cosmeticarmorreworked: 1.20.1-v1a
[03:30:14] [modloading-worker-0/INFO] - create: 6.0.4
[03:30:14] [modloading-worker-0/INFO] - create_enchantment_industry: 1.3.2-for-create-6.0.4
[03:30:14] [modloading-worker-0/INFO] - create_sa: 2.1.0
[03:30:14] [modloading-worker-0/INFO] - createaddition: 1.20.1-1.3.1
[03:30:14] [modloading-worker-0/INFO] - cristellib: 1.1.6
[03:30:14] [modloading-worker-0/INFO] - crittersandcompanions: 2.2.2
[03:30:14] [modloading-worker-0/INFO] - cumulus_menus: 1.20.1-1.0.1-neoforge
[03:30:14] [modloading-worker-0/INFO] - cupboard: 1.20.1-2.7
[03:30:14] [modloading-worker-0/INFO] - curios: 5.14.1+1.20.1
[03:30:14] [modloading-worker-0/INFO] - cyclopscore: 1.19.10
[03:30:14] [modloading-worker-0/INFO] - damagenumbers: 1.4.0-forge
[03:30:14] [modloading-worker-0/INFO] - darkpaintings: 17.0.4
[03:30:14] [modloading-worker-0/INFO] - dawnoftimebuilder: 1.5.12
[03:30:14] [modloading-worker-0/INFO] - distractingtrims: 2.0.4
[03:30:14] [modloading-worker-0/INFO] - doapi: 1.2.15
[03:30:14] [modloading-worker-0/INFO] - domesticationinnovation: 1.7.1
[03:30:14] [modloading-worker-0/INFO] - dungeons_enhanced: 5.3.0
[03:30:14] [modloading-worker-0/INFO] - dynamictrim: 1.4.1
[03:30:14] [modloading-worker-0/INFO] - elytratrims: 3.5.7
[03:30:14] [modloading-worker-0/INFO] - enchdesc: 17.1.19
[03:30:14] [modloading-worker-0/INFO] - entityculling: 1.7.4
[03:30:14] [modloading-worker-0/INFO] - epherolib: 0.1.2
[03:30:14] [modloading-worker-0/INFO] - fabledweaponry: 1.20.1-1.0.7.5
[03:30:14] [modloading-worker-0/INFO] - farmers_structures: 1.0.0
[03:30:14] [modloading-worker-0/INFO] - farmersdelight: 1.20.1-1.2.7
[03:30:14] [modloading-worker-0/INFO] - farmersrespite: 1.20.1-2.1
[03:30:14] [modloading-worker-0/INFO] - fastboot: 1.2
[03:30:14] [modloading-worker-0/INFO] - ferritecore: 6.0.1
[03:30:14] [modloading-worker-0/INFO] - flywheel: 1.0.2
[03:30:14] [modloading-worker-0/INFO] - forge: 47.3.7
[03:30:14] [modloading-worker-0/INFO] - framedblocks: 9.4.1
[03:30:14] [modloading-worker-0/INFO] - framework: 0.7.12
[03:30:14] [modloading-worker-0/INFO] - ftbchunks: 2001.3.6
[03:30:14] [modloading-worker-0/INFO] - ftbessentials: 2001.2.2
[03:30:14] [modloading-worker-0/INFO] - ftblibrary: 2001.2.9
[03:30:14] [modloading-worker-0/INFO] - ftbteams: 2001.3.1
[03:30:14] [modloading-worker-0/INFO] - fusion: 1.2.7
[03:30:14] [modloading-worker-0/INFO] - gamediscs: 0.3.1
[03:30:14] [modloading-worker-0/INFO] - geckolib: 4.7.1.2
[03:30:14] [modloading-worker-0/INFO] - ghosts: 1.1.0
[03:30:14] [modloading-worker-0/INFO] - handcrafted: 3.0.6
[03:30:14] [modloading-worker-0/INFO] - hvcurrency: 1.3.0
[03:30:14] [modloading-worker-0/INFO] - immersive_melodies: 0.4.0+1.20.1
[03:30:14] [modloading-worker-0/INFO] - irons_spellbooks: 1.20.1-3.4.0.8
[03:30:14] [modloading-worker-0/INFO] - itemblacklist: 1.20.1-1.0
[03:30:14] [modloading-worker-0/INFO] - itemproductionlib: 1.0.2a
[03:30:14] [modloading-worker-0/INFO] - jei: 15.9999
[03:30:14] [modloading-worker-0/INFO] - knightlib: 1.2.0
[03:30:14] [modloading-worker-0/INFO] - knightquest: 1.8.6
[03:30:14] [modloading-worker-0/INFO] - kotlinforforge: 4.11.0
[03:30:14] [modloading-worker-0/INFO] - lootr: 0.7.35.91
[03:30:14] [modloading-worker-0/INFO] - majruszlibrary: 7.0.8
[03:30:14] [modloading-worker-0/INFO] - majruszsenchantments: 1.10.8
[03:30:14] [modloading-worker-0/INFO] - marvelous_menagerie: 1.3.2-1.20.1
[03:30:14] [modloading-worker-0/INFO] - mca: 7.6.3+1.20.1
[03:30:14] [modloading-worker-0/INFO] - mcwdoors: 1.1.2
[03:30:14] [modloading-worker-0/INFO] - minecraft: 1.20.1
[03:30:14] [modloading-worker-0/INFO] - miners_delight: 1.20.1-1.2.3
[03:30:14] [modloading-worker-0/INFO] - mixinextras: 0.5.0-beta.5
[03:30:14] [modloading-worker-0/INFO] - mixinsquared: 0.1.2-beta.4
[03:30:14] [modloading-worker-0/INFO] - mob_catcher: 1.3.1
[03:30:14] [modloading-worker-0/INFO] - monolib: 2.0.0
[03:30:14] [modloading-worker-0/INFO] - moonlight: 1.20-2.13.82
[03:30:14] [modloading-worker-0/INFO] - mosaic_cosmetics: 1.0.0
[03:30:14] [modloading-worker-0/INFO] - mr_dungeons_andtaverns: 3.0.3.f
[03:30:14] [modloading-worker-0/INFO] - naturescompass: 1.20.1-1.11.2-forge
[03:30:14] [modloading-worker-0/INFO] - neapolitan: 5.1.0
[03:30:14] [modloading-worker-0/INFO] - nethersdelight: 1.20.1-4.0
[03:30:14] [modloading-worker-0/INFO] - nethervinery: 1.2.17
[03:30:14] [modloading-worker-0/INFO] - nitrogen_internals: 1.20.1-1.0.12-neoforge
[03:30:14] [modloading-worker-0/INFO] - nyfsspiders: 2.1.1
[03:30:14] [modloading-worker-0/INFO] - octo_economy_api: 1.0.1
[03:30:14] [modloading-worker-0/INFO] - octolib: 0.5.0.1
[03:30:14] [modloading-worker-0/INFO] - oddorganisms: 1.20.1-0.3.1
[03:30:14] [modloading-worker-0/INFO] - packedup: 0.5.4-beta
[03:30:14] [modloading-worker-0/INFO] - paintings: 11.0.0.2
[03:30:14] [modloading-worker-0/INFO] - patchouli: 1.20.1-84.1-FORGE
[03:30:14] [modloading-worker-0/INFO] - peculiarprimordials: 1.1.0
[03:30:14] [modloading-worker-0/INFO] - pehkui: 3.8.2+1.20.1-forge
[03:30:14] [modloading-worker-0/INFO] - playeranimator: 1.0.2-rc1+1.20
[03:30:14] [modloading-worker-0/INFO] - plenty_of_golems: 1.4.2
[03:30:14] [modloading-worker-0/INFO] - polymorph: 0.49.9+1.20.1
[03:30:14] [modloading-worker-0/INFO] - ponder: 1.0.52
[03:30:14] [modloading-worker-0/INFO] - quark: 4.0-462
[03:30:14] [modloading-worker-0/INFO] - raccompat: 0.1.3
[03:30:14] [modloading-worker-0/INFO] - ramcompat: 0.1.4
[03:30:14] [modloading-worker-0/INFO] - realmrpg_quests: 0.1.1
[03:30:14] [modloading-worker-0/INFO] - realmrpg_skeletons: 1.1.0
[03:30:14] [modloading-worker-0/INFO] - refurbished_furniture: 1.0.12
[03:30:14] [modloading-worker-0/INFO] - rei_plugin_compatibilities: 12.0.93
[03:30:14] [modloading-worker-0/INFO] - relics: 0.8.0.9
[03:30:14] [modloading-worker-0/INFO] - resourcefullib: 2.1.29
[03:30:14] [modloading-worker-0/INFO] - ribbits: 1.20.1-Forge-3.0.4
[03:30:14] [modloading-worker-0/INFO] - roughlyenoughitems: 12.1.785
[03:30:14] [modloading-worker-0/INFO] - shoppy: 1.0.5
[03:30:14] [modloading-worker-0/INFO] - skilltree: 0.6.14a
[03:30:14] [modloading-worker-0/INFO] - sleep_tight: 1.20-1.1.19
[03:30:14] [modloading-worker-0/INFO] - snuffles: 1.0.7
[03:30:14] [modloading-worker-0/INFO] - some_assembly_required: 1.20.1-4.2.0
[03:30:14] [modloading-worker-0/INFO] - sophisticatedbackpacks: 3.23.13.1229
[03:30:14] [modloading-worker-0/INFO] - sophisticatedcore: 1.2.45.953
[03:30:14] [modloading-worker-0/INFO] - spectrelib: 0.13.17+1.20.1
[03:30:14] [modloading-worker-0/INFO] - storagedrawers: 12.9.13
[03:30:14] [modloading-worker-0/INFO] - structory: 1.3.5
[03:30:14] [modloading-worker-0/INFO] - structure_gel: 2.16.2
[03:30:14] [modloading-worker-0/INFO] - structureessentials: 1.20.1-4.7
[03:30:14] [modloading-worker-0/INFO] - sullysmod: 3.2.1-beta
[03:30:14] [modloading-worker-0/INFO] - supermartijn642corelib: 1.1.18
[03:30:14] [modloading-worker-0/INFO] - supplementaries: 1.20-3.1.26
[03:30:14] [modloading-worker-0/INFO] - t_and_t: 0.0NONE
[03:30:14] [modloading-worker-0/INFO] - tameablebeasts: 6.2
[03:30:14] [modloading-worker-0/INFO] - terraform: 7.0.1
[03:30:14] [modloading-worker-0/INFO] - terrariumsandcages: 1.0.1
[03:30:14] [modloading-worker-0/INFO] - tombstone: 8.9.4
[03:30:14] [modloading-worker-0/INFO] - toolbelt: 1.20.02
[03:30:14] [modloading-worker-0/INFO] - transparent: 8.0.1+1.20.1
[03:30:14] [modloading-worker-0/INFO] - treechop: 0.19.0
[03:30:14] [modloading-worker-0/INFO] - trimeffects: 2.1.2
[03:30:14] [modloading-worker-0/INFO] - trimmable_tools: 2.0.5
[03:30:14] [modloading-worker-0/INFO] - undergarden: 0.8.14
[03:30:14] [modloading-worker-0/INFO] - undergardendelight: 1.1.2
[03:30:14] [modloading-worker-0/INFO] - untamedwilds: 4.0.4
[03:30:14] [modloading-worker-0/INFO] - unusualprehistory: 1.5.0.3
[03:30:14] [modloading-worker-0/INFO] - vinery: 1.4.39
[03:30:14] [modloading-worker-0/INFO] - wandering_bags: 2.0.7
[03:30:14] [modloading-worker-0/INFO] - yet_another_config_lib_v3: 3.6.6+1.20.1-forge
[03:30:14] [modloading-worker-0/INFO] - yungsapi: 1.20-Forge-4.0.6
[03:30:14] [modloading-worker-0/INFO] - zeta: 1.0-30
[03:30:14] [modloading-worker-0/INFO] - zetter: 0.21.5
[03:30:14] [modloading-worker-0/INFO] ========================================
[03:30:14] [modloading-worker-0/INFO] [REI] Registered plugin provider AetherREIServerPlugin [aether] for REIPlugin
[03:30:15] [modloading-worker-0/INFO] [REI] Registered plugin provider DefaultPluginImpl [roughlyenoughitems] for REIServerPlugin
[03:30:15] [modloading-worker-0/INFO] [REI] Registered plugin provider DefaultPluginImpl [roughlyenoughitems] for REIPlugin
[03:30:15] [modloading-worker-0/INFO] [REI] Registered plugin provider DefaultRuntimePlugin [roughlyenoughitems] for REIServerPlugin
[03:30:15] [modloading-worker-0/INFO] [REI] Registered plugin provider DefaultRuntimePlugin [roughlyenoughitems] for REIPlugin
[03:30:15] [modloading-worker-0/INFO] [REI] Registered plugin provider AetherREIServerPlugin [aether] for REIServerPlugin
[03:30:52] [Worker-Main-1/DEBUG] [REI] Processed 0 tags in 128.7 μs for minecraft:trim_material
[03:30:52] [Worker-Main-2/DEBUG] [REI] Processed 3 tags in 786.4 μs for minecraft:point_of_interest_type
[03:30:52] [Worker-Main-2/DEBUG] [REI] Processed 5 tags in 41.99 μs for minecraft:sound_event
[03:30:52] [Worker-Main-1/DEBUG] [REI] Processed 5 tags in 165.0 μs for minecraft:game_event
[03:30:52] [Worker-Main-1/DEBUG] [REI] Processed 0 tags in 6.953 μs for moonlight:soft_fluids
[03:30:52] [Worker-Main-2/DEBUG] [REI] Processed 2 tags in 159.6 μs for minecraft:painting_variant
[03:30:52] [Worker-Main-1/DEBUG] [REI] Processed 11 tags in 80.38 μs for minecraft:mob_effect
[03:30:52] [Worker-Main-2/DEBUG] [REI] Processed 1 tags in 11.40 μs for minecraft:potion
[03:30:52] [Worker-Main-2/DEBUG] [REI] Processed 23 tags in 124.7 μs for minecraft:fluid
[03:30:52] [Worker-Main-2/DEBUG] [REI] Processed 0 tags in 8.496 μs for minecraft:worldgen/structure_set
[03:30:52] [Worker-Main-2/DEBUG] [REI] Processed 2 tags in 41.17 μs for create:contraption_type
[03:30:52] [Worker-Main-2/DEBUG] [REI] Processed 1 tags in 9.648 μs for minecraft:enchantment
[03:30:52] [Worker-Main-2/DEBUG] [REI] Processed 1 tags in 7.865 μs for minecraft:recipe_serializer
[03:30:52] [Worker-Main-2/DEBUG] [REI] Processed 5 tags in 50.70 μs for minecraft:instrument
[03:30:52] [Worker-Main-2/DEBUG] [REI] Processed 0 tags in 11.61 μs for minecraft:worldgen/flat_level_generator_preset
[03:30:52] [Worker-Main-3/DEBUG] [REI] Processed 0 tags in 2.077 ms for minecraft:worldgen/biome
[03:30:52] [Worker-Main-3/DEBUG] [REI] Processed 2 tags in 33.07 μs for create:mounted_item_storage_type
[03:30:52] [Worker-Main-3/DEBUG] [REI] Processed 2 tags in 52.39 μs for minecraft:cat_variant
[03:30:52] [Worker-Main-2/DEBUG] [REI] Processed 0 tags in 26.46 μs for minecraft:worldgen/structure
[03:30:52] [Worker-Main-2/DEBUG] [REI] Processed 0 tags in 8.626 μs for minecraft:worldgen/world_preset
[03:30:52] [Worker-Main-2/DEBUG] [REI] Processed 209 tags in 1.700 ms for minecraft:entity_type
[03:30:52] [Worker-Main-2/DEBUG] [REI] Processed 0 tags in 19.56 μs for minecraft:damage_type
[03:30:52] [Worker-Main-2/DEBUG] [REI] Processed 16 tags in 126.7 μs for minecraft:banner_pattern
[03:30:52] [Worker-Main-1/DEBUG] [REI] Processed 823 tags in 9.374 ms for minecraft:block
[03:30:53] [Worker-Main-3/DEBUG] [REI] Processed 1445 tags in 8.434 ms for minecraft:item
[03:30:56] [main/DEBUG] [REI] Starting Reload Plugins of stage null
java.lang.Throwable
	at TRANSFORMER/roughlyenoughitems@12.1.785/me.shedaniel.rei.impl.common.plugins.ReloadManagerImpl.reloadPlugins(ReloadManagerImpl.java:110)
	at TRANSFORMER/roughlyenoughitems@12.1.785/me.shedaniel.rei.RoughlyEnoughItemsCore.lambda$onInitialize$5(RoughlyEnoughItemsCore.java:163)
	at java.base/java.util.concurrent.CompletableFuture$UniRun.tryFire(CompletableFuture.java:787)
	at java.base/java.util.concurrent.CompletableFuture$Completion.run(CompletableFuture.java:482)
	at TRANSFORMER/minecraft@1.20.1/net.minecraft.server.packs.resources.SimpleReloadInstance.m_143940_(SimpleReloadInstance.java:69)
	at TRANSFORMER/minecraft@1.20.1/net.minecraft.Util.m_214652_(Util.java:783)
	at TRANSFORMER/minecraft@1.20.1/net.minecraft.Util.m_214679_(Util.java:772)
	at TRANSFORMER/minecraft@1.20.1/net.minecraft.server.Main.main(Main.java:166)
	at java.base/jdk.internal.reflect.NativeMethodAccessorImpl.invoke0(Native Method)
	at java.base/jdk.internal.reflect.NativeMethodAccessorImpl.invoke(NativeMethodAccessorImpl.java:77)
	at java.base/jdk.internal.reflect.DelegatingMethodAccessorImpl.invoke(DelegatingMethodAccessorImpl.java:43)
	at java.base/java.lang.reflect.Method.invoke(Method.java:569)
	at MC-BOOTSTRAP/fmlloader@1.20.1-47.3.7/net.minecraftforge.fml.loading.targets.CommonLaunchHandler.runTarget(CommonLaunchHandler.java:111)
	at MC-BOOTSTRAP/fmlloader@1.20.1-47.3.7/net.minecraftforge.fml.loading.targets.CommonLaunchHandler.serverService(CommonLaunchHandler.java:103)
	at MC-BOOTSTRAP/fmlloader@1.20.1-47.3.7/net.minecraftforge.fml.loading.targets.CommonServerLaunchHandler.lambda$makeService$0(CommonServerLaunchHandler.java:27)
	at MC-BOOTSTRAP/cpw.mods.modlauncher@10.0.9/cpw.mods.modlauncher.LaunchServiceHandlerDecorator.launch(LaunchServiceHandlerDecorator.java:30)
	at MC-BOOTSTRAP/cpw.mods.modlauncher@10.0.9/cpw.mods.modlauncher.LaunchServiceHandler.launch(LaunchServiceHandler.java:53)
	at MC-BOOTSTRAP/cpw.mods.modlauncher@10.0.9/cpw.mods.modlauncher.LaunchServiceHandler.launch(LaunchServiceHandler.java:71)
	at MC-BOOTSTRAP/cpw.mods.modlauncher@10.0.9/cpw.mods.modlauncher.Launcher.run(Launcher.java:108)
	at MC-BOOTSTRAP/cpw.mods.modlauncher@10.0.9/cpw.mods.modlauncher.Launcher.main(Launcher.java:78)
	at MC-BOOTSTRAP/cpw.mods.modlauncher@10.0.9/cpw.mods.modlauncher.BootstrapLaunchConsumer.accept(BootstrapLaunchConsumer.java:26)
	at MC-BOOTSTRAP/cpw.mods.modlauncher@10.0.9/cpw.mods.modlauncher.BootstrapLaunchConsumer.accept(BootstrapLaunchConsumer.java:23)
	at cpw.mods.bootstraplauncher@1.1.2/cpw.mods.bootstraplauncher.BootstrapLauncher.main(BootstrapLauncher.java:141)
[03:30:56] [main/DEBUG] [REI] ========================================
[03:30:56] [main/DEBUG] [REI] REIPlugin starting pre-reload for START.
[03:30:56] [main/DEBUG] [REI] Reloadables (7):
[03:30:56] [main/DEBUG] [REI]  - EntryTypeRegistryImpl
[03:30:56] [main/DEBUG] [REI]  - EntrySettingsAdapterRegistryImpl
[03:30:56] [main/DEBUG] [REI]  - RecipeManagerContextImpl
[03:30:56] [main/DEBUG] [REI]  - ItemComparatorRegistryImpl
[03:30:56] [main/DEBUG] [REI]  - FluidComparatorRegistryImpl
[03:30:56] [main/DEBUG] [REI]  - DisplaySerializerRegistryImpl
[03:30:56] [main/DEBUG] [REI]  - FluidSupportProviderImpl
[03:30:56] [main/DEBUG] [REI] Plugins (3):
[03:30:56] [main/DEBUG] [REI]  - (-100.00) DefaultPluginImpl of DefaultPluginImpl [roughlyenoughitems]
[03:30:56] [main/DEBUG] [REI]  - (0.00) DefaultRuntimePlugin of DefaultRuntimePlugin [roughlyenoughitems]
[03:30:56] [main/DEBUG] [REI]  - (0.00) AetherREIServerPlugin of AetherREIServerPlugin [aether]
[03:30:56] [main/DEBUG] [REI] ========================================
[03:30:56] [main/TRACE] [REI] [REIPlugin START] Reloading Section: "pre-register/"
[03:30:56] [main/TRACE] [REI] [REIPlugin START] Reloading Section: "pre-register/DefaultPluginImpl of DefaultPluginImpl [roughlyenoughitems]/"
[03:30:56] [main/TRACE] [REI] [REIPlugin START] Reloading Section: "pre-register/DefaultPluginImpl of DefaultPluginImpl [roughlyenoughitems]/" done in 1.071 ms
[03:30:56] [main/TRACE] [REI] [REIPlugin START] Reloading Section: "pre-register/DefaultRuntimePlugin of DefaultRuntimePlugin [roughlyenoughitems]/"
[03:30:56] [main/TRACE] [REI] [REIPlugin START] Reloading Section: "pre-register/DefaultRuntimePlugin of DefaultRuntimePlugin [roughlyenoughitems]/" done in 48.09 μs
[03:30:56] [main/TRACE] [REI] [REIPlugin START] Reloading Section: "pre-register/AetherREIServerPlugin of AetherREIServerPlugin [aether]/"
[03:30:56] [main/TRACE] [REI] [REIPlugin START] Reloading Section: "pre-register/AetherREIServerPlugin of AetherREIServerPlugin [aether]/" done in 50.80 μs
[03:30:56] [main/TRACE] [REI] [REIPlugin START] Reloading Section: "pre-register/" done in 12.92 ms
[03:30:56] [main/TRACE] [REI] [REIPlugin START] Reloading Section: "pre-stage/"
[03:30:56] [main/TRACE] [REI] [REIPlugin START] Reloading Section: "pre-stage/EntryTypeRegistryImpl/"
[03:30:56] [main/TRACE] [REI] [REIPlugin START] Reloading Section: "pre-stage/EntryTypeRegistryImpl/" done in 250.5 μs
[03:30:56] [main/TRACE] [REI] [REIPlugin START] Reloading Section: "pre-stage/EntrySettingsAdapterRegistryImpl/"
[03:30:56] [main/TRACE] [REI] [REIPlugin START] Reloading Section: "pre-stage/EntrySettingsAdapterRegistryImpl/" done in 57.34 μs
[03:30:56] [main/TRACE] [REI] [REIPlugin START] Reloading Section: "pre-stage/RecipeManagerContextImpl/"
[03:30:56] [main/TRACE] [REI] [REIPlugin START] Reloading Section: "pre-stage/RecipeManagerContextImpl/" done in 36.99 μs
[03:30:56] [main/TRACE] [REI] [REIPlugin START] Reloading Section: "pre-stage/ItemComparatorRegistryImpl/"
[03:30:56] [main/TRACE] [REI] [REIPlugin START] Reloading Section: "pre-stage/ItemComparatorRegistryImpl/" done in 47.19 μs
[03:30:56] [main/TRACE] [REI] [REIPlugin START] Reloading Section: "pre-stage/FluidComparatorRegistryImpl/"
[03:30:56] [main/TRACE] [REI] [REIPlugin START] Reloading Section: "pre-stage/FluidComparatorRegistryImpl/" done in 55.21 μs
[03:30:56] [main/TRACE] [REI] [REIPlugin START] Reloading Section: "pre-stage/DisplaySerializerRegistryImpl/"
[03:30:56] [main/TRACE] [REI] [REIPlugin START] Reloading Section: "pre-stage/DisplaySerializerRegistryImpl/" done in 48.71 μs
[03:30:56] [main/TRACE] [REI] [REIPlugin START] Reloading Section: "pre-stage/FluidSupportProviderImpl/"
[03:30:56] [main/TRACE] [REI] [REIPlugin START] Reloading Section: "pre-stage/FluidSupportProviderImpl/" done in 46.33 μs
[03:30:56] [main/TRACE] [REI] [REIPlugin START] Reloading Section: "pre-stage/" done in 1.381 ms
[03:30:56] [main/DEBUG] [REI] ========================================
[03:30:56] [main/DEBUG] [REI] REIPlugin finished pre-reload for START in 14.99 ms.
[03:30:56] [main/DEBUG] [REI] ========================================
[03:30:56] [main/DEBUG] [REI] ========================================
[03:30:56] [main/DEBUG] [REI] REIServerPlugin starting pre-reload for START.
[03:30:56] [main/DEBUG] [REI] Reloadables (2):
[03:30:56] [main/DEBUG] [REI]  - MenuInfoRegistryImpl
[03:30:56] [main/DEBUG] [REI]  - SlotAccessorRegistryImpl
[03:30:56] [main/DEBUG] [REI] Plugins (3):
[03:30:56] [main/DEBUG] [REI]  - (-100.00) DefaultPluginImpl of DefaultPluginImpl [roughlyenoughitems]
[03:30:56] [main/DEBUG] [REI]  - (0.00) AetherREIServerPlugin of AetherREIServerPlugin [aether]
[03:30:56] [main/DEBUG] [REI]  - (0.00) DefaultRuntimePlugin of DefaultRuntimePlugin [roughlyenoughitems]
[03:30:56] [main/DEBUG] [REI] ========================================
[03:30:56] [main/TRACE] [REI] [REIServerPlugin START] Reloading Section: "pre-register/"
[03:30:56] [main/TRACE] [REI] [REIServerPlugin START] Reloading Section: "pre-register/DefaultPluginImpl of DefaultPluginImpl [roughlyenoughitems]/"
[03:30:56] [main/TRACE] [REI] [REIServerPlugin START] Reloading Section: "pre-register/DefaultPluginImpl of DefaultPluginImpl [roughlyenoughitems]/" done in 36.11 μs
[03:30:56] [main/TRACE] [REI] [REIServerPlugin START] Reloading Section: "pre-register/AetherREIServerPlugin of AetherREIServerPlugin [aether]/"
[03:30:56] [main/TRACE] [REI] [REIServerPlugin START] Reloading Section: "pre-register/AetherREIServerPlugin of AetherREIServerPlugin [aether]/" done in 34.67 μs
[03:30:56] [main/TRACE] [REI] [REIServerPlugin START] Reloading Section: "pre-register/DefaultRuntimePlugin of DefaultRuntimePlugin [roughlyenoughitems]/"
[03:30:56] [main/TRACE] [REI] [REIServerPlugin START] Reloading Section: "pre-register/DefaultRuntimePlugin of DefaultRuntimePlugin [roughlyenoughitems]/" done in 32.09 μs
[03:30:56] [main/TRACE] [REI] [REIServerPlugin START] Reloading Section: "pre-register/" done in 369.8 μs
[03:30:56] [main/TRACE] [REI] [REIServerPlugin START] Reloading Section: "pre-stage/"
[03:30:56] [main/TRACE] [REI] [REIServerPlugin START] Reloading Section: "pre-stage/MenuInfoRegistryImpl/"
[03:30:56] [main/TRACE] [REI] [REIServerPlugin START] Reloading Section: "pre-stage/MenuInfoRegistryImpl/" done in 29.04 μs
[03:30:56] [main/TRACE] [REI] [REIServerPlugin START] Reloading Section: "pre-stage/SlotAccessorRegistryImpl/"
[03:30:56] [main/TRACE] [REI] [REIServerPlugin START] Reloading Section: "pre-stage/SlotAccessorRegistryImpl/" done in 39.34 μs
[03:30:56] [main/TRACE] [REI] [REIServerPlugin START] Reloading Section: "pre-stage/" done in 233.4 μs
[03:30:56] [main/DEBUG] [REI] ========================================
[03:30:56] [main/DEBUG] [REI] REIServerPlugin finished pre-reload for START in 760.5 μs.
[03:30:56] [main/DEBUG] [REI] ========================================
[03:30:56] [main/INFO] [REI] ----------------------------------------
[03:30:56] [main/INFO] [REI] REIPlugin starting main-reload for START.
[03:30:56] [main/DEBUG] [REI] Reloadables (7):
[03:30:56] [main/DEBUG] [REI]  - EntryTypeRegistryImpl
[03:30:56] [main/DEBUG] [REI]  - EntrySettingsAdapterRegistryImpl
[03:30:56] [main/DEBUG] [REI]  - RecipeManagerContextImpl
[03:30:56] [main/DEBUG] [REI]  - ItemComparatorRegistryImpl
[03:30:56] [main/DEBUG] [REI]  - FluidComparatorRegistryImpl
[03:30:56] [main/DEBUG] [REI]  - DisplaySerializerRegistryImpl
[03:30:56] [main/DEBUG] [REI]  - FluidSupportProviderImpl
[03:30:56] [main/INFO] [REI] Plugins (3):
[03:30:56] [main/INFO] [REI]  - (-100.00) DefaultPluginImpl of DefaultPluginImpl [roughlyenoughitems]
[03:30:56] [main/INFO] [REI]  - (0.00) DefaultRuntimePlugin of DefaultRuntimePlugin [roughlyenoughitems]
[03:30:56] [main/INFO] [REI]  - (0.00) AetherREIServerPlugin of AetherREIServerPlugin [aether]
[03:30:56] [main/INFO] [REI] ----------------------------------------
[03:30:56] [main/TRACE] [REI] [REIPlugin START] Reloading Section: "start-reload/"
[03:30:56] [main/TRACE] [REI] [REIPlugin START] Reloading Section: "start-reload/EntryTypeRegistryImpl/"
[03:30:56] [main/TRACE] [REI] [REIPlugin START] Reloading Section: "start-reload/EntryTypeRegistryImpl/" done in 80.45 μs
[03:30:56] [main/TRACE] [REI] [REIPlugin START] Reloading Section: "start-reload/EntrySettingsAdapterRegistryImpl/"
[03:30:56] [main/TRACE] [REI] [REIPlugin START] Reloading Section: "start-reload/EntrySettingsAdapterRegistryImpl/" done in 36.42 μs
[03:30:56] [main/TRACE] [REI] [REIPlugin START] Reloading Section: "start-reload/RecipeManagerContextImpl/"
[03:30:56] [main/TRACE] [REI] [REIPlugin START] Reloading Section: "start-reload/RecipeManagerContextImpl/" done in 36.26 μs
[03:30:56] [main/TRACE] [REI] [REIPlugin START] Reloading Section: "start-reload/ItemComparatorRegistryImpl/"
[03:30:56] [main/TRACE] [REI] [REIPlugin START] Reloading Section: "start-reload/ItemComparatorRegistryImpl/" done in 67.65 μs
[03:30:56] [main/TRACE] [REI] [REIPlugin START] Reloading Section: "start-reload/FluidComparatorRegistryImpl/"
[03:30:56] [main/TRACE] [REI] [REIPlugin START] Reloading Section: "start-reload/FluidComparatorRegistryImpl/" done in 52.69 μs
[03:30:56] [main/TRACE] [REI] [REIPlugin START] Reloading Section: "start-reload/DisplaySerializerRegistryImpl/"
[03:30:56] [main/TRACE] [REI] [REIPlugin START] Reloading Section: "start-reload/DisplaySerializerRegistryImpl/" done in 44.14 μs
[03:30:56] [main/TRACE] [REI] [REIPlugin START] Reloading Section: "start-reload/FluidSupportProviderImpl/"
[03:30:56] [main/TRACE] [REI] [REIPlugin START] Reloading Section: "start-reload/FluidSupportProviderImpl/" done in 58.34 μs
[03:30:56] [main/TRACE] [REI] [REIPlugin START] Reloading Section: "start-reload/" done in 1.030 ms
[03:30:56] [main/DEBUG] [REI] ========================================
[03:30:56] [main/DEBUG] [REI] REIPlugin started main-reload for START.
[03:30:56] [main/DEBUG] [REI] ========================================
[03:30:56] [main/TRACE] [REI] [REIPlugin START] Reloading Section: "reloadable-plugin/EntryTypeRegistryImpl/"
[03:30:56] [main/TRACE] [REI] [REIPlugin START] Reloading Section: "reloadable-plugin/EntryTypeRegistryImpl/DefaultPluginImpl of DefaultPluginImpl [roughlyenoughitems]/"
[03:30:56] [main/TRACE] [REI] [REIPlugin START] Reloading Section: "reloadable-plugin/EntryTypeRegistryImpl/DefaultPluginImpl of DefaultPluginImpl [roughlyenoughitems]/" done in 270.8 μs
[03:30:56] [main/TRACE] [REI] [REIPlugin START] Reloading Section: "reloadable-plugin/EntryTypeRegistryImpl/DefaultRuntimePlugin of DefaultRuntimePlugin [roughlyenoughitems]/"
[03:30:56] [main/TRACE] [REI] [REIPlugin START] Reloading Section: "reloadable-plugin/EntryTypeRegistryImpl/DefaultRuntimePlugin of DefaultRuntimePlugin [roughlyenoughitems]/" done in 7.638 ms
[03:30:56] [main/TRACE] [REI] [REIPlugin START] Reloading Section: "reloadable-plugin/EntryTypeRegistryImpl/AetherREIServerPlugin of AetherREIServerPlugin [aether]/"
[03:30:56] [main/TRACE] [REI] [REIPlugin START] Reloading Section: "reloadable-plugin/EntryTypeRegistryImpl/AetherREIServerPlugin of AetherREIServerPlugin [aether]/" done in 66.71 μs
[03:30:56] [main/TRACE] [REI] [REIPlugin START] Reloading Section: "reloadable-plugin/EntryTypeRegistryImpl/" done in 8.981 ms
[03:30:56] [main/TRACE] [REI] [REIPlugin START] Reloading Section: "reloadable-plugin/EntrySettingsAdapterRegistryImpl/"
[03:30:56] [main/TRACE] [REI] [REIPlugin START] Reloading Section: "reloadable-plugin/EntrySettingsAdapterRegistryImpl/DefaultPluginImpl of DefaultPluginImpl [roughlyenoughitems]/"
[03:30:56] [main/TRACE] [REI] [REIPlugin START] Reloading Section: "reloadable-plugin/EntrySettingsAdapterRegistryImpl/DefaultPluginImpl of DefaultPluginImpl [roughlyenoughitems]/" done in 117.0 μs
[03:30:56] [main/TRACE] [REI] [REIPlugin START] Reloading Section: "reloadable-plugin/EntrySettingsAdapterRegistryImpl/DefaultRuntimePlugin of DefaultRuntimePlugin [roughlyenoughitems]/"
[03:30:56] [main/TRACE] [REI] [REIPlugin START] Reloading Section: "reloadable-plugin/EntrySettingsAdapterRegistryImpl/DefaultRuntimePlugin of DefaultRuntimePlugin [roughlyenoughitems]/" done in 54.44 μs
[03:30:56] [main/TRACE] [REI] [REIPlugin START] Reloading Section: "reloadable-plugin/EntrySettingsAdapterRegistryImpl/AetherREIServerPlugin of AetherREIServerPlugin [aether]/"
[03:30:56] [main/TRACE] [REI] [REIPlugin START] Reloading Section: "reloadable-plugin/EntrySettingsAdapterRegistryImpl/AetherREIServerPlugin of AetherREIServerPlugin [aether]/" done in 55.58 μs
[03:30:56] [main/TRACE] [REI] [REIPlugin START] Reloading Section: "reloadable-plugin/EntrySettingsAdapterRegistryImpl/" done in 591.1 μs
[03:30:56] [main/TRACE] [REI] [REIPlugin START] Reloading Section: "reloadable-plugin/RecipeManagerContextImpl/"
[03:30:56] [main/TRACE] [REI] [REIPlugin START] Reloading Section: "reloadable-plugin/RecipeManagerContextImpl/DefaultPluginImpl of DefaultPluginImpl [roughlyenoughitems]/"
[03:30:56] [main/TRACE] [REI] [REIPlugin START] Reloading Section: "reloadable-plugin/RecipeManagerContextImpl/DefaultPluginImpl of DefaultPluginImpl [roughlyenoughitems]/" done in 58.96 μs
[03:30:56] [main/TRACE] [REI] [REIPlugin START] Reloading Section: "reloadable-plugin/RecipeManagerContextImpl/DefaultRuntimePlugin of DefaultRuntimePlugin [roughlyenoughitems]/"
[03:30:56] [main/TRACE] [REI] [REIPlugin START] Reloading Section: "reloadable-plugin/RecipeManagerContextImpl/DefaultRuntimePlugin of DefaultRuntimePlugin [roughlyenoughitems]/" done in 45.12 μs
[03:30:56] [main/TRACE] [REI] [REIPlugin START] Reloading Section: "reloadable-plugin/RecipeManagerContextImpl/AetherREIServerPlugin of AetherREIServerPlugin [aether]/"
[03:30:56] [main/TRACE] [REI] [REIPlugin START] Reloading Section: "reloadable-plugin/RecipeManagerContextImpl/AetherREIServerPlugin of AetherREIServerPlugin [aether]/" done in 44.27 μs
[03:30:56] [main/TRACE] [REI] [REIPlugin START] Reloading Section: "reloadable-plugin/RecipeManagerContextImpl/" done in 475.1 μs
[03:30:56] [main/TRACE] [REI] [REIPlugin START] Reloading Section: "reloadable-plugin/ItemComparatorRegistryImpl/"
[03:30:56] [main/TRACE] [REI] [REIPlugin START] Reloading Section: "reloadable-plugin/ItemComparatorRegistryImpl/DefaultPluginImpl of DefaultPluginImpl [roughlyenoughitems]/"
[03:30:56] [main/TRACE] [REI] [REIPlugin START] Reloading Section: "reloadable-plugin/ItemComparatorRegistryImpl/DefaultPluginImpl of DefaultPluginImpl [roughlyenoughitems]/" done in 848.3 μs
[03:30:56] [main/TRACE] [REI] [REIPlugin START] Reloading Section: "reloadable-plugin/ItemComparatorRegistryImpl/DefaultRuntimePlugin of DefaultRuntimePlugin [roughlyenoughitems]/"
[03:30:56] [main/TRACE] [REI] [REIPlugin START] Reloading Section: "reloadable-plugin/ItemComparatorRegistryImpl/DefaultRuntimePlugin of DefaultRuntimePlugin [roughlyenoughitems]/" done in 48.68 μs
[03:30:56] [main/TRACE] [REI] [REIPlugin START] Reloading Section: "reloadable-plugin/ItemComparatorRegistryImpl/AetherREIServerPlugin of AetherREIServerPlugin [aether]/"
[03:30:56] [main/TRACE] [REI] [REIPlugin START] Reloading Section: "reloadable-plugin/ItemComparatorRegistryImpl/AetherREIServerPlugin of AetherREIServerPlugin [aether]/" done in 61.93 μs
[03:30:56] [main/TRACE] [REI] [REIPlugin START] Reloading Section: "reloadable-plugin/ItemComparatorRegistryImpl/" done in 1.370 ms
[03:30:56] [main/TRACE] [REI] [REIPlugin START] Reloading Section: "reloadable-plugin/FluidComparatorRegistryImpl/"
[03:30:56] [main/TRACE] [REI] [REIPlugin START] Reloading Section: "reloadable-plugin/FluidComparatorRegistryImpl/DefaultPluginImpl of DefaultPluginImpl [roughlyenoughitems]/"
[03:30:56] [main/TRACE] [REI] [REIPlugin START] Reloading Section: "reloadable-plugin/FluidComparatorRegistryImpl/DefaultPluginImpl of DefaultPluginImpl [roughlyenoughitems]/" done in 70.71 μs
[03:30:56] [main/TRACE] [REI] [REIPlugin START] Reloading Section: "reloadable-plugin/FluidComparatorRegistryImpl/DefaultRuntimePlugin of DefaultRuntimePlugin [roughlyenoughitems]/"
[03:30:56] [main/TRACE] [REI] [REIPlugin START] Reloading Section: "reloadable-plugin/FluidComparatorRegistryImpl/DefaultRuntimePlugin of DefaultRuntimePlugin [roughlyenoughitems]/" done in 69.97 μs
[03:30:56] [main/TRACE] [REI] [REIPlugin START] Reloading Section: "reloadable-plugin/FluidComparatorRegistryImpl/AetherREIServerPlugin of AetherREIServerPlugin [aether]/"
[03:30:56] [main/TRACE] [REI] [REIPlugin START] Reloading Section: "reloadable-plugin/FluidComparatorRegistryImpl/AetherREIServerPlugin of AetherREIServerPlugin [aether]/" done in 49.87 μs
[03:30:56] [main/TRACE] [REI] [REIPlugin START] Reloading Section: "reloadable-plugin/FluidComparatorRegistryImpl/" done in 531.0 μs
[03:30:56] [main/TRACE] [REI] [REIPlugin START] Reloading Section: "reloadable-plugin/DisplaySerializerRegistryImpl/"
[03:30:56] [main/TRACE] [REI] [REIPlugin START] Reloading Section: "reloadable-plugin/DisplaySerializerRegistryImpl/DefaultPluginImpl of DefaultPluginImpl [roughlyenoughitems]/"
[03:30:56] [main/TRACE] [REI] [REIPlugin START] Reloading Section: "reloadable-plugin/DisplaySerializerRegistryImpl/DefaultPluginImpl of DefaultPluginImpl [roughlyenoughitems]/" done in 80.18 μs
[03:30:56] [main/TRACE] [REI] [REIPlugin START] Reloading Section: "reloadable-plugin/DisplaySerializerRegistryImpl/DefaultRuntimePlugin of DefaultRuntimePlugin [roughlyenoughitems]/"
[03:30:56] [main/TRACE] [REI] [REIPlugin START] Reloading Section: "reloadable-plugin/DisplaySerializerRegistryImpl/DefaultRuntimePlugin of DefaultRuntimePlugin [roughlyenoughitems]/" done in 57.62 μs
[03:30:56] [main/TRACE] [REI] [REIPlugin START] Reloading Section: "reloadable-plugin/DisplaySerializerRegistryImpl/AetherREIServerPlugin of AetherREIServerPlugin [aether]/"
[03:30:56] [main/TRACE] [REI] [REIPlugin START] Reloading Section: "reloadable-plugin/DisplaySerializerRegistryImpl/AetherREIServerPlugin of AetherREIServerPlugin [aether]/" done in 61.49 μs
[03:30:56] [main/TRACE] [REI] [REIPlugin START] Reloading Section: "reloadable-plugin/DisplaySerializerRegistryImpl/" done in 1.205 ms
[03:30:56] [main/TRACE] [REI] [REIPlugin START] Reloading Section: "reloadable-plugin/FluidSupportProviderImpl/"
[03:30:56] [main/TRACE] [REI] [REIPlugin START] Reloading Section: "reloadable-plugin/FluidSupportProviderImpl/DefaultPluginImpl of DefaultPluginImpl [roughlyenoughitems]/"
[03:30:56] [main/TRACE] [REI] [REIPlugin START] Reloading Section: "reloadable-plugin/FluidSupportProviderImpl/DefaultPluginImpl of DefaultPluginImpl [roughlyenoughitems]/" done in 983.4 μs
[03:30:56] [main/TRACE] [REI] [REIPlugin START] Reloading Section: "reloadable-plugin/FluidSupportProviderImpl/DefaultRuntimePlugin of DefaultRuntimePlugin [roughlyenoughitems]/"
[03:30:56] [main/TRACE] [REI] [REIPlugin START] Reloading Section: "reloadable-plugin/FluidSupportProviderImpl/DefaultRuntimePlugin of DefaultRuntimePlugin [roughlyenoughitems]/" done in 103.0 μs
[03:30:56] [main/TRACE] [REI] [REIPlugin START] Reloading Section: "reloadable-plugin/FluidSupportProviderImpl/AetherREIServerPlugin of AetherREIServerPlugin [aether]/"
[03:30:56] [main/TRACE] [REI] [REIPlugin START] Reloading Section: "reloadable-plugin/FluidSupportProviderImpl/AetherREIServerPlugin of AetherREIServerPlugin [aether]/" done in 56.41 μs
[03:30:56] [main/TRACE] [REI] [REIPlugin START] Reloading Section: "reloadable-plugin/FluidSupportProviderImpl/" done in 1.687 ms
[03:30:56] [main/DEBUG] [REI] ========================================
[03:30:56] [main/DEBUG] [REI] REIPlugin ending main-reload for START.
[03:30:56] [main/DEBUG] [REI] ========================================
[03:30:56] [main/TRACE] [REI] [REIPlugin START] Reloading Section: "end-reload/"
[03:30:56] [main/TRACE] [REI] [REIPlugin START] Reloading Section: "end-reload/EntryTypeRegistryImpl/"
[03:30:56] [main/TRACE] [REI] [REIPlugin START] Reloading Section: "end-reload/EntryTypeRegistryImpl/" done in 81.61 μs
[03:30:56] [main/TRACE] [REI] [REIPlugin START] Reloading Section: "end-reload/EntrySettingsAdapterRegistryImpl/"
[03:30:56] [main/TRACE] [REI] [REIPlugin START] Reloading Section: "end-reload/EntrySettingsAdapterRegistryImpl/" done in 45.58 μs
[03:30:56] [main/TRACE] [REI] [REIPlugin START] Reloading Section: "end-reload/RecipeManagerContextImpl/"
[03:30:56] [main/TRACE] [REI] [REIPlugin START] Reloading Section: "end-reload/RecipeManagerContextImpl/" done in 53.57 μs
[03:30:56] [main/TRACE] [REI] [REIPlugin START] Reloading Section: "end-reload/ItemComparatorRegistryImpl/"
[03:30:56] [main/TRACE] [REI] [REIPlugin START] Reloading Section: "end-reload/ItemComparatorRegistryImpl/" done in 49.61 μs
[03:30:56] [main/TRACE] [REI] [REIPlugin START] Reloading Section: "end-reload/FluidComparatorRegistryImpl/"
[03:30:56] [main/TRACE] [REI] [REIPlugin START] Reloading Section: "end-reload/FluidComparatorRegistryImpl/" done in 43.07 μs
[03:30:56] [main/TRACE] [REI] [REIPlugin START] Reloading Section: "end-reload/DisplaySerializerRegistryImpl/"
[03:30:56] [main/TRACE] [REI] [REIPlugin START] Reloading Section: "end-reload/DisplaySerializerRegistryImpl/" done in 47.19 μs
[03:30:56] [main/TRACE] [REI] [REIPlugin START] Reloading Section: "end-reload/FluidSupportProviderImpl/"
[03:30:56] [main/TRACE] [REI] [REIPlugin START] Reloading Section: "end-reload/FluidSupportProviderImpl/" done in 47.22 μs
[03:30:56] [main/TRACE] [REI] [REIPlugin START] Reloading Section: "end-reload/" done in 1.083 ms
[03:30:56] [main/DEBUG] [REI] ========================================
[03:30:56] [main/DEBUG] [REI] REIPlugin ended main-reload for START in 20.07 ms.
[03:30:56] [main/DEBUG] [REI] ========================================
[03:30:56] [main/INFO] [REI] ****************************************
[03:30:56] [main/INFO] [REI] REIServerPlugin starting main-reload for START.
[03:30:56] [main/DEBUG] [REI] Reloadables (2):
[03:30:56] [main/DEBUG] [REI]  - MenuInfoRegistryImpl
[03:30:56] [main/DEBUG] [REI]  - SlotAccessorRegistryImpl
[03:30:56] [main/INFO] [REI] Plugins (3):
[03:30:56] [main/INFO] [REI]  - (-100.00) DefaultPluginImpl of DefaultPluginImpl [roughlyenoughitems]
[03:30:56] [main/INFO] [REI]  - (0.00) AetherREIServerPlugin of AetherREIServerPlugin [aether]
[03:30:56] [main/INFO] [REI]  - (0.00) DefaultRuntimePlugin of DefaultRuntimePlugin [roughlyenoughitems]
[03:30:56] [main/INFO] [REI] ****************************************
[03:30:56] [main/TRACE] [REI] [REIServerPlugin START] Reloading Section: "start-reload/"
[03:30:56] [main/TRACE] [REI] [REIServerPlugin START] Reloading Section: "start-reload/MenuInfoRegistryImpl/"
[03:30:56] [main/TRACE] [REI] [REIServerPlugin START] Reloading Section: "start-reload/MenuInfoRegistryImpl/" done in 49.46 μs
[03:30:56] [main/TRACE] [REI] [REIServerPlugin START] Reloading Section: "start-reload/SlotAccessorRegistryImpl/"
[03:30:56] [main/TRACE] [REI] [REIServerPlugin START] Reloading Section: "start-reload/SlotAccessorRegistryImpl/" done in 57.31 μs
[03:30:56] [main/TRACE] [REI] [REIServerPlugin START] Reloading Section: "start-reload/" done in 344.7 μs
[03:30:56] [main/DEBUG] [REI] ========================================
[03:30:56] [main/DEBUG] [REI] REIServerPlugin started main-reload for START.
[03:30:56] [main/DEBUG] [REI] ========================================
[03:30:56] [main/TRACE] [REI] [REIServerPlugin START] Reloading Section: "reloadable-plugin/MenuInfoRegistryImpl/"
[03:30:56] [main/TRACE] [REI] [REIServerPlugin START] Reloading Section: "reloadable-plugin/MenuInfoRegistryImpl/DefaultPluginImpl of DefaultPluginImpl [roughlyenoughitems]/"
[03:30:56] [main/TRACE] [REI] [REIServerPlugin START] Reloading Section: "reloadable-plugin/MenuInfoRegistryImpl/DefaultPluginImpl of DefaultPluginImpl [roughlyenoughitems]/" done in 51.97 μs
[03:30:56] [main/TRACE] [REI] [REIServerPlugin START] Reloading Section: "reloadable-plugin/MenuInfoRegistryImpl/AetherREIServerPlugin of AetherREIServerPlugin [aether]/"
[03:30:56] [main/TRACE] [REI] [REIServerPlugin START] Reloading Section: "reloadable-plugin/MenuInfoRegistryImpl/AetherREIServerPlugin of AetherREIServerPlugin [aether]/" done in 48.41 μs
[03:30:56] [main/TRACE] [REI] [REIServerPlugin START] Reloading Section: "reloadable-plugin/MenuInfoRegistryImpl/DefaultRuntimePlugin of DefaultRuntimePlugin [roughlyenoughitems]/"
[03:30:56] [main/TRACE] [REI] [REIServerPlugin START] Reloading Section: "reloadable-plugin/MenuInfoRegistryImpl/DefaultRuntimePlugin of DefaultRuntimePlugin [roughlyenoughitems]/" done in 52.40 μs
[03:30:56] [main/TRACE] [REI] [REIServerPlugin START] Reloading Section: "reloadable-plugin/MenuInfoRegistryImpl/" done in 491.4 μs
[03:30:56] [main/TRACE] [REI] [REIServerPlugin START] Reloading Section: "reloadable-plugin/SlotAccessorRegistryImpl/"
[03:30:56] [main/TRACE] [REI] [REIServerPlugin START] Reloading Section: "reloadable-plugin/SlotAccessorRegistryImpl/DefaultPluginImpl of DefaultPluginImpl [roughlyenoughitems]/"
[03:30:56] [main/TRACE] [REI] [REIServerPlugin START] Reloading Section: "reloadable-plugin/SlotAccessorRegistryImpl/DefaultPluginImpl of DefaultPluginImpl [roughlyenoughitems]/" done in 37.57 μs
[03:30:56] [main/TRACE] [REI] [REIServerPlugin START] Reloading Section: "reloadable-plugin/SlotAccessorRegistryImpl/AetherREIServerPlugin of AetherREIServerPlugin [aether]/"
[03:30:56] [main/TRACE] [REI] [REIServerPlugin START] Reloading Section: "reloadable-plugin/SlotAccessorRegistryImpl/AetherREIServerPlugin of AetherREIServerPlugin [aether]/" done in 46.96 μs
[03:30:56] [main/TRACE] [REI] [REIServerPlugin START] Reloading Section: "reloadable-plugin/SlotAccessorRegistryImpl/DefaultRuntimePlugin of DefaultRuntimePlugin [roughlyenoughitems]/"
[03:30:56] [main/TRACE] [REI] [REIServerPlugin START] Reloading Section: "reloadable-plugin/SlotAccessorRegistryImpl/DefaultRuntimePlugin of DefaultRuntimePlugin [roughlyenoughitems]/" done in 46.16 μs
[03:30:56] [main/TRACE] [REI] [REIServerPlugin START] Reloading Section: "reloadable-plugin/SlotAccessorRegistryImpl/" done in 421.4 μs
[03:30:56] [main/DEBUG] [REI] ========================================
[03:30:56] [main/DEBUG] [REI] REIServerPlugin ending main-reload for START.
[03:30:56] [main/DEBUG] [REI] ========================================
[03:30:56] [main/TRACE] [REI] [REIServerPlugin START] Reloading Section: "end-reload/"
[03:30:56] [main/TRACE] [REI] [REIServerPlugin START] Reloading Section: "end-reload/MenuInfoRegistryImpl/"
[03:30:56] [main/TRACE] [REI] [REIServerPlugin START] Reloading Section: "end-reload/MenuInfoRegistryImpl/" done in 25.52 μs
[03:30:56] [main/TRACE] [REI] [REIServerPlugin START] Reloading Section: "end-reload/SlotAccessorRegistryImpl/"
[03:30:56] [main/TRACE] [REI] [REIServerPlugin START] Reloading Section: "end-reload/SlotAccessorRegistryImpl/" done in 26.37 μs
[03:30:56] [main/TRACE] [REI] [REIServerPlugin START] Reloading Section: "end-reload/" done in 218.6 μs
[03:30:56] [main/DEBUG] [REI] ========================================
[03:30:56] [main/DEBUG] [REI] REIServerPlugin ended main-reload for START in 3.426 ms.
[03:30:56] [main/DEBUG] [REI] ========================================
[03:30:56] [main/DEBUG] [REI] ========================================
[03:30:56] [main/DEBUG] [REI] REIPlugin starting post-reload for START.
[03:30:56] [main/DEBUG] [REI] Reloadables (7):
[03:30:56] [main/DEBUG] [REI]  - EntryTypeRegistryImpl
[03:30:56] [main/DEBUG] [REI]  - EntrySettingsAdapterRegistryImpl
[03:30:56] [main/DEBUG] [REI]  - RecipeManagerContextImpl
[03:30:56] [main/DEBUG] [REI]  - ItemComparatorRegistryImpl
[03:30:56] [main/DEBUG] [REI]  - FluidComparatorRegistryImpl
[03:30:56] [main/DEBUG] [REI]  - DisplaySerializerRegistryImpl
[03:30:56] [main/DEBUG] [REI]  - FluidSupportProviderImpl
[03:30:56] [main/DEBUG] [REI] Plugins (3):
[03:30:56] [main/DEBUG] [REI]  - (-100.00) DefaultPluginImpl of DefaultPluginImpl [roughlyenoughitems]
[03:30:56] [main/DEBUG] [REI]  - (0.00) DefaultRuntimePlugin of DefaultRuntimePlugin [roughlyenoughitems]
[03:30:56] [main/DEBUG] [REI]  - (0.00) AetherREIServerPlugin of AetherREIServerPlugin [aether]
[03:30:56] [main/DEBUG] [REI] ========================================
[03:30:56] [main/TRACE] [REI] [REIPlugin START] Reloading Section: "post-register/"
[03:30:56] [main/TRACE] [REI] [REIPlugin START] Reloading Section: "post-register/DefaultPluginImpl of DefaultPluginImpl [roughlyenoughitems]/"
[03:30:56] [main/TRACE] [REI] [REIPlugin START] Reloading Section: "post-register/DefaultPluginImpl of DefaultPluginImpl [roughlyenoughitems]/" done in 185.8 μs
[03:30:56] [main/TRACE] [REI] [REIPlugin START] Reloading Section: "post-register/DefaultRuntimePlugin of DefaultRuntimePlugin [roughlyenoughitems]/"
[03:30:56] [main/TRACE] [REI] [REIPlugin START] Reloading Section: "post-register/DefaultRuntimePlugin of DefaultRuntimePlugin [roughlyenoughitems]/" done in 55.57 μs
[03:30:56] [main/TRACE] [REI] [REIPlugin START] Reloading Section: "post-register/AetherREIServerPlugin of AetherREIServerPlugin [aether]/"
[03:30:56] [main/TRACE] [REI] [REIPlugin START] Reloading Section: "post-register/AetherREIServerPlugin of AetherREIServerPlugin [aether]/" done in 45.48 μs
[03:30:56] [main/TRACE] [REI] [REIPlugin START] Reloading Section: "post-register/" done in 751.8 μs
[03:30:56] [main/TRACE] [REI] [REIPlugin START] Reloading Section: "post-stage/"
[03:30:56] [main/TRACE] [REI] [REIPlugin START] Reloading Section: "post-stage/EntryTypeRegistryImpl/"
[03:30:56] [main/TRACE] [REI] [REIPlugin START] Reloading Section: "post-stage/EntryTypeRegistryImpl/" done in 57.28 μs
[03:30:56] [main/TRACE] [REI] [REIPlugin START] Reloading Section: "post-stage/EntrySettingsAdapterRegistryImpl/"
[03:30:56] [main/TRACE] [REI] [REIPlugin START] Reloading Section: "post-stage/EntrySettingsAdapterRegistryImpl/" done in 241.7 μs
[03:30:56] [main/TRACE] [REI] [REIPlugin START] Reloading Section: "post-stage/RecipeManagerContextImpl/"
[03:30:56] [main/TRACE] [REI] [REIPlugin START] Reloading Section: "post-stage/RecipeManagerContextImpl/" done in 50.96 μs
[03:30:56] [main/TRACE] [REI] [REIPlugin START] Reloading Section: "post-stage/ItemComparatorRegistryImpl/"
[03:30:56] [main/TRACE] [REI] [REIPlugin START] Reloading Section: "post-stage/ItemComparatorRegistryImpl/" done in 49.57 μs
[03:30:56] [main/TRACE] [REI] [REIPlugin START] Reloading Section: "post-stage/FluidComparatorRegistryImpl/"
[03:30:56] [main/TRACE] [REI] [REIPlugin START] Reloading Section: "post-stage/FluidComparatorRegistryImpl/" done in 47.44 μs
[03:30:56] [main/TRACE] [REI] [REIPlugin START] Reloading Section: "post-stage/DisplaySerializerRegistryImpl/"
[03:30:56] [main/TRACE] [REI] [REIPlugin START] Reloading Section: "post-stage/DisplaySerializerRegistryImpl/" done in 50.06 μs
[03:30:56] [main/TRACE] [REI] [REIPlugin START] Reloading Section: "post-stage/FluidSupportProviderImpl/"
[03:30:56] [main/TRACE] [REI] [REIPlugin START] Reloading Section: "post-stage/FluidSupportProviderImpl/" done in 45.85 μs
[03:30:56] [main/TRACE] [REI] [REIPlugin START] Reloading Section: "post-stage/" done in 1.275 ms
[03:30:56] [main/DEBUG] [REI] ========================================
[03:30:56] [main/INFO] [REI] REIPlugin finished post-reload for START in 2.219 ms, totaling 37.21 ms.
[03:30:56] [main/DEBUG] [REI] ========================================
[03:30:56] [main/DEBUG] [REI] ========================================
[03:30:56] [main/DEBUG] [REI] REIServerPlugin starting post-reload for START.
[03:30:56] [main/DEBUG] [REI] Reloadables (2):
[03:30:56] [main/DEBUG] [REI]  - MenuInfoRegistryImpl
[03:30:56] [main/DEBUG] [REI]  - SlotAccessorRegistryImpl
[03:30:56] [main/DEBUG] [REI] Plugins (3):
[03:30:56] [main/DEBUG] [REI]  - (-100.00) DefaultPluginImpl of DefaultPluginImpl [roughlyenoughitems]
[03:30:56] [main/DEBUG] [REI]  - (0.00) AetherREIServerPlugin of AetherREIServerPlugin [aether]
[03:30:56] [main/DEBUG] [REI]  - (0.00) DefaultRuntimePlugin of DefaultRuntimePlugin [roughlyenoughitems]
[03:30:56] [main/DEBUG] [REI] ========================================
[03:30:56] [main/TRACE] [REI] [REIServerPlugin START] Reloading Section: "post-register/"
[03:30:56] [main/TRACE] [REI] [REIServerPlugin START] Reloading Section: "post-register/DefaultPluginImpl of DefaultPluginImpl [roughlyenoughitems]/"
[03:30:56] [main/TRACE] [REI] [REIServerPlugin START] Reloading Section: "post-register/DefaultPluginImpl of DefaultPluginImpl [roughlyenoughitems]/" done in 81.36 μs
[03:30:56] [main/TRACE] [REI] [REIServerPlugin START] Reloading Section: "post-register/AetherREIServerPlugin of AetherREIServerPlugin [aether]/"
[03:30:56] [main/TRACE] [REI] [REIServerPlugin START] Reloading Section: "post-register/AetherREIServerPlugin of AetherREIServerPlugin [aether]/" done in 59.47 μs
[03:30:56] [main/TRACE] [REI] [REIServerPlugin START] Reloading Section: "post-register/DefaultRuntimePlugin of DefaultRuntimePlugin [roughlyenoughitems]/"
[03:30:56] [main/TRACE] [REI] [REIServerPlugin START] Reloading Section: "post-register/DefaultRuntimePlugin of DefaultRuntimePlugin [roughlyenoughitems]/" done in 55.96 μs
[03:30:56] [main/TRACE] [REI] [REIServerPlugin START] Reloading Section: "post-register/" done in 576.4 μs
[03:30:56] [main/TRACE] [REI] [REIServerPlugin START] Reloading Section: "post-stage/"
[03:30:56] [main/TRACE] [REI] [REIServerPlugin START] Reloading Section: "post-stage/MenuInfoRegistryImpl/"
[03:30:56] [main/TRACE] [REI] [REIServerPlugin START] Reloading Section: "post-stage/MenuInfoRegistryImpl/" done in 56.85 μs
[03:30:56] [main/TRACE] [REI] [REIServerPlugin START] Reloading Section: "post-stage/SlotAccessorRegistryImpl/"
[03:30:56] [main/TRACE] [REI] [REIServerPlugin START] Reloading Section: "post-stage/SlotAccessorRegistryImpl/" done in 53.05 μs
[03:30:56] [main/TRACE] [REI] [REIServerPlugin START] Reloading Section: "post-stage/" done in 356.4 μs
[03:30:56] [main/DEBUG] [REI] ========================================
[03:30:56] [main/INFO] [REI] REIServerPlugin finished post-reload for START in 1.175 ms, totaling 5.322 ms.
[03:30:56] [main/DEBUG] [REI] ========================================
[03:30:56] [main/DEBUG] [REI] ========================================
[03:30:56] [main/DEBUG] [REI] REIPlugin starting pre-reload for END.
[03:30:56] [main/DEBUG] [REI] Reloadables (7):
[03:30:56] [main/DEBUG] [REI]  - EntryTypeRegistryImpl
[03:30:56] [main/DEBUG] [REI]  - EntrySettingsAdapterRegistryImpl
[03:30:56] [main/DEBUG] [REI]  - RecipeManagerContextImpl
[03:30:56] [main/DEBUG] [REI]  - ItemComparatorRegistryImpl
[03:30:56] [main/DEBUG] [REI]  - FluidComparatorRegistryImpl
[03:30:56] [main/DEBUG] [REI]  - DisplaySerializerRegistryImpl
[03:30:56] [main/DEBUG] [REI]  - FluidSupportProviderImpl
[03:30:56] [main/DEBUG] [REI] Plugins (3):
[03:30:56] [main/DEBUG] [REI]  - (-100.00) DefaultPluginImpl of DefaultPluginImpl [roughlyenoughitems]
[03:30:56] [main/DEBUG] [REI]  - (0.00) DefaultRuntimePlugin of DefaultRuntimePlugin [roughlyenoughitems]
[03:30:56] [main/DEBUG] [REI]  - (0.00) AetherREIServerPlugin of AetherREIServerPlugin [aether]
[03:30:56] [main/DEBUG] [REI] ========================================
[03:30:56] [main/TRACE] [REI] [REIPlugin END] Reloading Section: "pre-register/"
[03:30:56] [main/TRACE] [REI] [REIPlugin END] Reloading Section: "pre-register/DefaultPluginImpl of DefaultPluginImpl [roughlyenoughitems]/"
[03:30:56] [main/TRACE] [REI] [REIPlugin END] Reloading Section: "pre-register/DefaultPluginImpl of DefaultPluginImpl [roughlyenoughitems]/" done in 49.16 μs
[03:30:56] [main/TRACE] [REI] [REIPlugin END] Reloading Section: "pre-register/DefaultRuntimePlugin of DefaultRuntimePlugin [roughlyenoughitems]/"
[03:30:56] [main/TRACE] [REI] [REIPlugin END] Reloading Section: "pre-register/DefaultRuntimePlugin of DefaultRuntimePlugin [roughlyenoughitems]/" done in 45.01 μs
[03:30:56] [main/TRACE] [REI] [REIPlugin END] Reloading Section: "pre-register/AetherREIServerPlugin of AetherREIServerPlugin [aether]/"
[03:30:56] [main/TRACE] [REI] [REIPlugin END] Reloading Section: "pre-register/AetherREIServerPlugin of AetherREIServerPlugin [aether]/" done in 50.90 μs
[03:30:56] [main/TRACE] [REI] [REIPlugin END] Reloading Section: "pre-register/" done in 449.6 μs
[03:30:56] [main/TRACE] [REI] [REIPlugin END] Reloading Section: "pre-stage/"
[03:30:56] [main/TRACE] [REI] [REIPlugin END] Reloading Section: "pre-stage/EntryTypeRegistryImpl/"
[03:30:56] [main/TRACE] [REI] [REIPlugin END] Reloading Section: "pre-stage/EntryTypeRegistryImpl/" done in 41.42 μs
[03:30:56] [main/TRACE] [REI] [REIPlugin END] Reloading Section: "pre-stage/EntrySettingsAdapterRegistryImpl/"
[03:30:56] [main/TRACE] [REI] [REIPlugin END] Reloading Section: "pre-stage/EntrySettingsAdapterRegistryImpl/" done in 58.83 μs
[03:30:56] [main/TRACE] [REI] [REIPlugin END] Reloading Section: "pre-stage/RecipeManagerContextImpl/"
[03:30:56] [main/TRACE] [REI] [REIPlugin END] Reloading Section: "pre-stage/RecipeManagerContextImpl/" done in 60.74 μs
[03:30:56] [main/TRACE] [REI] [REIPlugin END] Reloading Section: "pre-stage/ItemComparatorRegistryImpl/"
[03:30:56] [main/TRACE] [REI] [REIPlugin END] Reloading Section: "pre-stage/ItemComparatorRegistryImpl/" done in 53.02 μs
[03:30:56] [main/TRACE] [REI] [REIPlugin END] Reloading Section: "pre-stage/FluidComparatorRegistryImpl/"
[03:30:56] [main/TRACE] [REI] [REIPlugin END] Reloading Section: "pre-stage/FluidComparatorRegistryImpl/" done in 66.33 μs
[03:30:56] [main/TRACE] [REI] [REIPlugin END] Reloading Section: "pre-stage/DisplaySerializerRegistryImpl/"
[03:30:56] [main/TRACE] [REI] [REIPlugin END] Reloading Section: "pre-stage/DisplaySerializerRegistryImpl/" done in 56.60 μs
[03:30:56] [main/TRACE] [REI] [REIPlugin END] Reloading Section: "pre-stage/FluidSupportProviderImpl/"
[03:30:56] [main/TRACE] [REI] [REIPlugin END] Reloading Section: "pre-stage/FluidSupportProviderImpl/" done in 51.15 μs
[03:30:56] [main/TRACE] [REI] [REIPlugin END] Reloading Section: "pre-stage/" done in 1.423 ms
[03:30:56] [main/DEBUG] [REI] ========================================
[03:30:56] [main/DEBUG] [REI] REIPlugin finished pre-reload for END in 2.046 ms.
[03:30:56] [main/DEBUG] [REI] ========================================
[03:30:56] [main/DEBUG] [REI] ========================================
[03:30:56] [main/DEBUG] [REI] REIServerPlugin starting pre-reload for END.
[03:30:56] [main/DEBUG] [REI] Reloadables (2):
[03:30:56] [main/DEBUG] [REI]  - MenuInfoRegistryImpl
[03:30:56] [main/DEBUG] [REI]  - SlotAccessorRegistryImpl
[03:30:56] [main/DEBUG] [REI] Plugins (3):
[03:30:56] [main/DEBUG] [REI]  - (-100.00) DefaultPluginImpl of DefaultPluginImpl [roughlyenoughitems]
[03:30:56] [main/DEBUG] [REI]  - (0.00) AetherREIServerPlugin of AetherREIServerPlugin [aether]
[03:30:56] [main/DEBUG] [REI]  - (0.00) DefaultRuntimePlugin of DefaultRuntimePlugin [roughlyenoughitems]
[03:30:56] [main/DEBUG] [REI] ========================================
[03:30:56] [main/TRACE] [REI] [REIServerPlugin END] Reloading Section: "pre-register/"
[03:30:56] [main/TRACE] [REI] [REIServerPlugin END] Reloading Section: "pre-register/DefaultPluginImpl of DefaultPluginImpl [roughlyenoughitems]/"
[03:30:56] [main/TRACE] [REI] [REIServerPlugin END] Reloading Section: "pre-register/DefaultPluginImpl of DefaultPluginImpl [roughlyenoughitems]/" done in 49.46 μs
[03:30:56] [main/TRACE] [REI] [REIServerPlugin END] Reloading Section: "pre-register/AetherREIServerPlugin of AetherREIServerPlugin [aether]/"
[03:30:56] [main/TRACE] [REI] [REIServerPlugin END] Reloading Section: "pre-register/AetherREIServerPlugin of AetherREIServerPlugin [aether]/" done in 52.60 μs
[03:30:56] [main/TRACE] [REI] [REIServerPlugin END] Reloading Section: "pre-register/DefaultRuntimePlugin of DefaultRuntimePlugin [roughlyenoughitems]/"
[03:30:56] [main/TRACE] [REI] [REIServerPlugin END] Reloading Section: "pre-register/DefaultRuntimePlugin of DefaultRuntimePlugin [roughlyenoughitems]/" done in 62.68 μs
[03:30:56] [main/TRACE] [REI] [REIServerPlugin END] Reloading Section: "pre-register/" done in 495.3 μs
[03:30:56] [main/TRACE] [REI] [REIServerPlugin END] Reloading Section: "pre-stage/"
[03:30:56] [main/TRACE] [REI] [REIServerPlugin END] Reloading Section: "pre-stage/MenuInfoRegistryImpl/"
[03:30:56] [main/TRACE] [REI] [REIServerPlugin END] Reloading Section: "pre-stage/MenuInfoRegistryImpl/" done in 50.84 μs
[03:30:56] [main/TRACE] [REI] [REIServerPlugin END] Reloading Section: "pre-stage/SlotAccessorRegistryImpl/"
[03:30:56] [main/TRACE] [REI] [REIServerPlugin END] Reloading Section: "pre-stage/SlotAccessorRegistryImpl/" done in 50.23 μs
[03:30:56] [main/TRACE] [REI] [REIServerPlugin END] Reloading Section: "pre-stage/" done in 332.0 μs
[03:30:56] [main/DEBUG] [REI] ========================================
[03:30:56] [main/DEBUG] [REI] REIServerPlugin finished pre-reload for END in 1.033 ms.
[03:30:56] [main/DEBUG] [REI] ========================================
[03:30:56] [main/INFO] [REI] ########################################
[03:30:56] [main/INFO] [REI] REIPlugin starting main-reload for END.
[03:30:56] [main/DEBUG] [REI] Reloadables (7):
[03:30:56] [main/DEBUG] [REI]  - EntryTypeRegistryImpl
[03:30:56] [main/DEBUG] [REI]  - EntrySettingsAdapterRegistryImpl
[03:30:56] [main/DEBUG] [REI]  - RecipeManagerContextImpl
[03:30:56] [main/DEBUG] [REI]  - ItemComparatorRegistryImpl
[03:30:56] [main/DEBUG] [REI]  - FluidComparatorRegistryImpl
[03:30:56] [main/DEBUG] [REI]  - DisplaySerializerRegistryImpl
[03:30:56] [main/DEBUG] [REI]  - FluidSupportProviderImpl
[03:30:56] [main/INFO] [REI] Plugins (3):
[03:30:56] [main/INFO] [REI]  - (-100.00) DefaultPluginImpl of DefaultPluginImpl [roughlyenoughitems]
[03:30:56] [main/INFO] [REI]  - (0.00) DefaultRuntimePlugin of DefaultRuntimePlugin [roughlyenoughitems]
[03:30:56] [main/INFO] [REI]  - (0.00) AetherREIServerPlugin of AetherREIServerPlugin [aether]
[03:30:56] [main/INFO] [REI] ########################################
[03:30:56] [main/TRACE] [REI] [REIPlugin END] Reloading Section: "start-reload/"
[03:30:56] [main/TRACE] [REI] [REIPlugin END] Reloading Section: "start-reload/EntryTypeRegistryImpl/"
[03:30:56] [main/TRACE] [REI] [REIPlugin END] Reloading Section: "start-reload/EntryTypeRegistryImpl/" done in 32.83 μs
[03:30:56] [main/TRACE] [REI] [REIPlugin END] Reloading Section: "start-reload/EntrySettingsAdapterRegistryImpl/"
[03:30:56] [main/TRACE] [REI] [REIPlugin END] Reloading Section: "start-reload/EntrySettingsAdapterRegistryImpl/" done in 56.03 μs
[03:30:56] [main/TRACE] [REI] [REIPlugin END] Reloading Section: "start-reload/RecipeManagerContextImpl/"
[03:30:56] [main/TRACE] [REI] [REIPlugin END] Reloading Section: "start-reload/RecipeManagerContextImpl/" done in 31.91 μs
[03:30:56] [main/TRACE] [REI] [REIPlugin END] Reloading Section: "start-reload/ItemComparatorRegistryImpl/"
[03:30:56] [main/TRACE] [REI] [REIPlugin END] Reloading Section: "start-reload/ItemComparatorRegistryImpl/" done in 31.29 μs
[03:30:56] [main/TRACE] [REI] [REIPlugin END] Reloading Section: "start-reload/FluidComparatorRegistryImpl/"
[03:30:56] [main/TRACE] [REI] [REIPlugin END] Reloading Section: "start-reload/FluidComparatorRegistryImpl/" done in 30.15 μs
[03:30:56] [main/TRACE] [REI] [REIPlugin END] Reloading Section: "start-reload/DisplaySerializerRegistryImpl/"
[03:30:56] [main/TRACE] [REI] [REIPlugin END] Reloading Section: "start-reload/DisplaySerializerRegistryImpl/" done in 37.85 μs
[03:30:56] [main/TRACE] [REI] [REIPlugin END] Reloading Section: "start-reload/FluidSupportProviderImpl/"
[03:30:56] [main/TRACE] [REI] [REIPlugin END] Reloading Section: "start-reload/FluidSupportProviderImpl/" done in 28.56 μs
[03:30:56] [main/TRACE] [REI] [REIPlugin END] Reloading Section: "start-reload/" done in 804.3 μs
[03:30:56] [main/DEBUG] [REI] ========================================
[03:30:56] [main/DEBUG] [REI] REIPlugin started main-reload for END.
[03:30:56] [main/DEBUG] [REI] ========================================
[03:30:56] [main/TRACE] [REI] [REIPlugin END] Reloading Section: "reloadable-plugin/EntryTypeRegistryImpl/"
[03:30:56] [main/TRACE] [REI] [REIPlugin END] Reloading Section: "reloadable-plugin/EntryTypeRegistryImpl/DefaultPluginImpl of DefaultPluginImpl [roughlyenoughitems]/"
[03:30:56] [main/TRACE] [REI] [REIPlugin END] Reloading Section: "reloadable-plugin/EntryTypeRegistryImpl/DefaultPluginImpl of DefaultPluginImpl [roughlyenoughitems]/" done in 46.37 μs
[03:30:56] [main/TRACE] [REI] [REIPlugin END] Reloading Section: "reloadable-plugin/EntryTypeRegistryImpl/DefaultRuntimePlugin of DefaultRuntimePlugin [roughlyenoughitems]/"
[03:30:56] [main/TRACE] [REI] [REIPlugin END] Reloading Section: "reloadable-plugin/EntryTypeRegistryImpl/DefaultRuntimePlugin of DefaultRuntimePlugin [roughlyenoughitems]/" done in 37.19 μs
[03:30:56] [main/TRACE] [REI] [REIPlugin END] Reloading Section: "reloadable-plugin/EntryTypeRegistryImpl/AetherREIServerPlugin of AetherREIServerPlugin [aether]/"
[03:30:56] [main/TRACE] [REI] [REIPlugin END] Reloading Section: "reloadable-plugin/EntryTypeRegistryImpl/AetherREIServerPlugin of AetherREIServerPlugin [aether]/" done in 50.22 μs
[03:30:56] [main/TRACE] [REI] [REIPlugin END] Reloading Section: "reloadable-plugin/EntryTypeRegistryImpl/" done in 462.9 μs
[03:30:56] [main/TRACE] [REI] [REIPlugin END] Reloading Section: "reloadable-plugin/EntrySettingsAdapterRegistryImpl/"
[03:30:56] [main/TRACE] [REI] [REIPlugin END] Reloading Section: "reloadable-plugin/EntrySettingsAdapterRegistryImpl/DefaultPluginImpl of DefaultPluginImpl [roughlyenoughitems]/"
[03:30:56] [main/TRACE] [REI] [REIPlugin END] Reloading Section: "reloadable-plugin/EntrySettingsAdapterRegistryImpl/DefaultPluginImpl of DefaultPluginImpl [roughlyenoughitems]/" done in 59.99 μs
[03:30:56] [main/TRACE] [REI] [REIPlugin END] Reloading Section: "reloadable-plugin/EntrySettingsAdapterRegistryImpl/DefaultRuntimePlugin of DefaultRuntimePlugin [roughlyenoughitems]/"
[03:30:56] [main/TRACE] [REI] [REIPlugin END] Reloading Section: "reloadable-plugin/EntrySettingsAdapterRegistryImpl/DefaultRuntimePlugin of DefaultRuntimePlugin [roughlyenoughitems]/" done in 36.55 μs
[03:30:56] [main/TRACE] [REI] [REIPlugin END] Reloading Section: "reloadable-plugin/EntrySettingsAdapterRegistryImpl/AetherREIServerPlugin of AetherREIServerPlugin [aether]/"
[03:30:56] [main/TRACE] [REI] [REIPlugin END] Reloading Section: "reloadable-plugin/EntrySettingsAdapterRegistryImpl/AetherREIServerPlugin of AetherREIServerPlugin [aether]/" done in 34.14 μs
[03:30:56] [main/TRACE] [REI] [REIPlugin END] Reloading Section: "reloadable-plugin/EntrySettingsAdapterRegistryImpl/" done in 396.9 μs
[03:30:56] [main/TRACE] [REI] [REIPlugin END] Reloading Section: "reloadable-plugin/RecipeManagerContextImpl/"
[03:30:56] [main/TRACE] [REI] [REIPlugin END] Reloading Section: "reloadable-plugin/RecipeManagerContextImpl/DefaultPluginImpl of DefaultPluginImpl [roughlyenoughitems]/"
[03:30:56] [main/TRACE] [REI] [REIPlugin END] Reloading Section: "reloadable-plugin/RecipeManagerContextImpl/DefaultPluginImpl of DefaultPluginImpl [roughlyenoughitems]/" done in 46.88 μs
[03:30:56] [main/TRACE] [REI] [REIPlugin END] Reloading Section: "reloadable-plugin/RecipeManagerContextImpl/DefaultRuntimePlugin of DefaultRuntimePlugin [roughlyenoughitems]/"
[03:30:56] [main/TRACE] [REI] [REIPlugin END] Reloading Section: "reloadable-plugin/RecipeManagerContextImpl/DefaultRuntimePlugin of DefaultRuntimePlugin [roughlyenoughitems]/" done in 82.68 μs
[03:30:56] [main/TRACE] [REI] [REIPlugin END] Reloading Section: "reloadable-plugin/RecipeManagerContextImpl/AetherREIServerPlugin of AetherREIServerPlugin [aether]/"
[03:30:56] [main/TRACE] [REI] [REIPlugin END] Reloading Section: "reloadable-plugin/RecipeManagerContextImpl/AetherREIServerPlugin of AetherREIServerPlugin [aether]/" done in 56.56 μs
[03:30:56] [main/TRACE] [REI] [REIPlugin END] Reloading Section: "reloadable-plugin/RecipeManagerContextImpl/" done in 526.2 μs
[03:30:56] [main/TRACE] [REI] [REIPlugin END] Reloading Section: "reloadable-plugin/ItemComparatorRegistryImpl/"
[03:30:56] [main/TRACE] [REI] [REIPlugin END] Reloading Section: "reloadable-plugin/ItemComparatorRegistryImpl/DefaultPluginImpl of DefaultPluginImpl [roughlyenoughitems]/"
[03:30:56] [main/TRACE] [REI] [REIPlugin END] Reloading Section: "reloadable-plugin/ItemComparatorRegistryImpl/DefaultPluginImpl of DefaultPluginImpl [roughlyenoughitems]/" done in 60.60 μs
[03:30:56] [main/TRACE] [REI] [REIPlugin END] Reloading Section: "reloadable-plugin/ItemComparatorRegistryImpl/DefaultRuntimePlugin of DefaultRuntimePlugin [roughlyenoughitems]/"
[03:30:56] [main/TRACE] [REI] [REIPlugin END] Reloading Section: "reloadable-plugin/ItemComparatorRegistryImpl/DefaultRuntimePlugin of DefaultRuntimePlugin [roughlyenoughitems]/" done in 133.1 μs
[03:30:56] [main/TRACE] [REI] [REIPlugin END] Reloading Section: "reloadable-plugin/ItemComparatorRegistryImpl/AetherREIServerPlugin of AetherREIServerPlugin [aether]/"
[03:30:56] [main/TRACE] [REI] [REIPlugin END] Reloading Section: "reloadable-plugin/ItemComparatorRegistryImpl/AetherREIServerPlugin of AetherREIServerPlugin [aether]/" done in 113.9 μs
[03:30:56] [main/TRACE] [REI] [REIPlugin END] Reloading Section: "reloadable-plugin/ItemComparatorRegistryImpl/" done in 832.8 μs
[03:30:56] [main/TRACE] [REI] [REIPlugin END] Reloading Section: "reloadable-plugin/FluidComparatorRegistryImpl/"
[03:30:56] [main/TRACE] [REI] [REIPlugin END] Reloading Section: "reloadable-plugin/FluidComparatorRegistryImpl/DefaultPluginImpl of DefaultPluginImpl [roughlyenoughitems]/"
[03:30:56] [main/TRACE] [REI] [REIPlugin END] Reloading Section: "reloadable-plugin/FluidComparatorRegistryImpl/DefaultPluginImpl of DefaultPluginImpl [roughlyenoughitems]/" done in 76.99 μs
[03:30:56] [main/TRACE] [REI] [REIPlugin END] Reloading Section: "reloadable-plugin/FluidComparatorRegistryImpl/DefaultRuntimePlugin of DefaultRuntimePlugin [roughlyenoughitems]/"
[03:30:56] [main/TRACE] [REI] [REIPlugin END] Reloading Section: "reloadable-plugin/FluidComparatorRegistryImpl/DefaultRuntimePlugin of DefaultRuntimePlugin [roughlyenoughitems]/" done in 95.15 μs
[03:30:56] [main/TRACE] [REI] [REIPlugin END] Reloading Section: "reloadable-plugin/FluidComparatorRegistryImpl/AetherREIServerPlugin of AetherREIServerPlugin [aether]/"
[03:30:56] [main/TRACE] [REI] [REIPlugin END] Reloading Section: "reloadable-plugin/FluidComparatorRegistryImpl/AetherREIServerPlugin of AetherREIServerPlugin [aether]/" done in 41.97 μs
[03:30:56] [main/TRACE] [REI] [REIPlugin END] Reloading Section: "reloadable-plugin/FluidComparatorRegistryImpl/" done in 618.4 μs
[03:30:56] [main/TRACE] [REI] [REIPlugin END] Reloading Section: "reloadable-plugin/DisplaySerializerRegistryImpl/"
[03:30:56] [main/TRACE] [REI] [REIPlugin END] Reloading Section: "reloadable-plugin/DisplaySerializerRegistryImpl/DefaultPluginImpl of DefaultPluginImpl [roughlyenoughitems]/"
[03:30:56] [main/TRACE] [REI] [REIPlugin END] Reloading Section: "reloadable-plugin/DisplaySerializerRegistryImpl/DefaultPluginImpl of DefaultPluginImpl [roughlyenoughitems]/" done in 118.4 ms
[03:30:56] [main/TRACE] [REI] [REIPlugin END] Reloading Section: "reloadable-plugin/DisplaySerializerRegistryImpl/DefaultRuntimePlugin of DefaultRuntimePlugin [roughlyenoughitems]/"
[03:30:56] [main/TRACE] [REI] [REIPlugin END] Reloading Section: "reloadable-plugin/DisplaySerializerRegistryImpl/DefaultRuntimePlugin of DefaultRuntimePlugin [roughlyenoughitems]/" done in 61.64 μs
[03:30:56] [main/TRACE] [REI] [REIPlugin END] Reloading Section: "reloadable-plugin/DisplaySerializerRegistryImpl/AetherREIServerPlugin of AetherREIServerPlugin [aether]/"
[03:30:56] [main/TRACE] [REI] [REIPlugin END] Reloading Section: "reloadable-plugin/DisplaySerializerRegistryImpl/AetherREIServerPlugin of AetherREIServerPlugin [aether]/" done in 1.059 ms
[03:30:56] [main/TRACE] [REI] [REIPlugin END] Reloading Section: "reloadable-plugin/DisplaySerializerRegistryImpl/" done in 120.0 ms
[03:30:56] [main/TRACE] [REI] [REIPlugin END] Reloading Section: "reloadable-plugin/FluidSupportProviderImpl/"
[03:30:56] [main/TRACE] [REI] [REIPlugin END] Reloading Section: "reloadable-plugin/FluidSupportProviderImpl/DefaultPluginImpl of DefaultPluginImpl [roughlyenoughitems]/"
[03:30:56] [main/TRACE] [REI] [REIPlugin END] Reloading Section: "reloadable-plugin/FluidSupportProviderImpl/DefaultPluginImpl of DefaultPluginImpl [roughlyenoughitems]/" done in 42.28 μs
[03:30:56] [main/TRACE] [REI] [REIPlugin END] Reloading Section: "reloadable-plugin/FluidSupportProviderImpl/DefaultRuntimePlugin of DefaultRuntimePlugin [roughlyenoughitems]/"
[03:30:56] [main/TRACE] [REI] [REIPlugin END] Reloading Section: "reloadable-plugin/FluidSupportProviderImpl/DefaultRuntimePlugin of DefaultRuntimePlugin [roughlyenoughitems]/" done in 49.15 μs
[03:30:56] [main/TRACE] [REI] [REIPlugin END] Reloading Section: "reloadable-plugin/FluidSupportProviderImpl/AetherREIServerPlugin of AetherREIServerPlugin [aether]/"
[03:30:56] [main/TRACE] [REI] [REIPlugin END] Reloading Section: "reloadable-plugin/FluidSupportProviderImpl/AetherREIServerPlugin of AetherREIServerPlugin [aether]/" done in 53.96 μs
[03:30:56] [main/TRACE] [REI] [REIPlugin END] Reloading Section: "reloadable-plugin/FluidSupportProviderImpl/" done in 516.5 μs
[03:30:56] [main/DEBUG] [REI] ========================================
[03:30:56] [main/DEBUG] [REI] REIPlugin ending main-reload for END.
[03:30:56] [main/DEBUG] [REI] ========================================
[03:30:56] [main/TRACE] [REI] [REIPlugin END] Reloading Section: "end-reload/"
[03:30:56] [main/TRACE] [REI] [REIPlugin END] Reloading Section: "end-reload/EntryTypeRegistryImpl/"
[03:30:56] [main/TRACE] [REI] [REIPlugin END] Reloading Section: "end-reload/EntryTypeRegistryImpl/" done in 31.71 μs
[03:30:56] [main/TRACE] [REI] [REIPlugin END] Reloading Section: "end-reload/EntrySettingsAdapterRegistryImpl/"
[03:30:56] [main/TRACE] [REI] [REIPlugin END] Reloading Section: "end-reload/EntrySettingsAdapterRegistryImpl/" done in 45.94 μs
[03:30:56] [main/TRACE] [REI] [REIPlugin END] Reloading Section: "end-reload/RecipeManagerContextImpl/"
[03:30:56] [main/TRACE] [REI] [REIPlugin END] Reloading Section: "end-reload/RecipeManagerContextImpl/" done in 26.27 μs
[03:30:56] [main/TRACE] [REI] [REIPlugin END] Reloading Section: "end-reload/ItemComparatorRegistryImpl/"
[03:30:56] [main/TRACE] [REI] [REIPlugin END] Reloading Section: "end-reload/ItemComparatorRegistryImpl/" done in 44.33 μs
[03:30:56] [main/TRACE] [REI] [REIPlugin END] Reloading Section: "end-reload/FluidComparatorRegistryImpl/"
[03:30:56] [main/TRACE] [REI] [REIPlugin END] Reloading Section: "end-reload/FluidComparatorRegistryImpl/" done in 47.77 μs
[03:30:56] [main/TRACE] [REI] [REIPlugin END] Reloading Section: "end-reload/DisplaySerializerRegistryImpl/"
[03:30:56] [main/TRACE] [REI] [REIPlugin END] Reloading Section: "end-reload/DisplaySerializerRegistryImpl/" done in 45.11 μs
[03:30:56] [main/TRACE] [REI] [REIPlugin END] Reloading Section: "end-reload/FluidSupportProviderImpl/"
[03:30:56] [main/TRACE] [REI] [REIPlugin END] Reloading Section: "end-reload/FluidSupportProviderImpl/" done in 37.33 μs
[03:30:56] [main/TRACE] [REI] [REIPlugin END] Reloading Section: "end-reload/" done in 880.5 μs
[03:30:56] [main/DEBUG] [REI] ========================================
[03:30:56] [main/DEBUG] [REI] REIPlugin ended main-reload for END in 128.4 ms.
[03:30:56] [main/DEBUG] [REI] ========================================
[03:30:56] [main/INFO] [REI] OOOOOOOOOOOOOOOOOOOOOOOOOOOOOOOOOOOOOOOO
[03:30:56] [main/INFO] [REI] REIServerPlugin starting main-reload for END.
[03:30:56] [main/DEBUG] [REI] Reloadables (2):
[03:30:56] [main/DEBUG] [REI]  - MenuInfoRegistryImpl
[03:30:56] [main/DEBUG] [REI]  - SlotAccessorRegistryImpl
[03:30:56] [main/INFO] [REI] Plugins (3):
[03:30:56] [main/INFO] [REI]  - (-100.00) DefaultPluginImpl of DefaultPluginImpl [roughlyenoughitems]
[03:30:56] [main/INFO] [REI]  - (0.00) AetherREIServerPlugin of AetherREIServerPlugin [aether]
[03:30:56] [main/INFO] [REI]  - (0.00) DefaultRuntimePlugin of DefaultRuntimePlugin [roughlyenoughitems]
[03:30:56] [main/INFO] [REI] OOOOOOOOOOOOOOOOOOOOOOOOOOOOOOOOOOOOOOOO
[03:30:56] [main/TRACE] [REI] [REIServerPlugin END] Reloading Section: "start-reload/"
[03:30:56] [main/TRACE] [REI] [REIServerPlugin END] Reloading Section: "start-reload/MenuInfoRegistryImpl/"
[03:30:56] [main/TRACE] [REI] [REIServerPlugin END] Reloading Section: "start-reload/MenuInfoRegistryImpl/" done in 41.11 μs
[03:30:56] [main/TRACE] [REI] [REIServerPlugin END] Reloading Section: "start-reload/SlotAccessorRegistryImpl/"
[03:30:56] [main/TRACE] [REI] [REIServerPlugin END] Reloading Section: "start-reload/SlotAccessorRegistryImpl/" done in 27.19 μs
[03:30:56] [main/TRACE] [REI] [REIServerPlugin END] Reloading Section: "start-reload/" done in 210.0 μs
[03:30:56] [main/DEBUG] [REI] ========================================
[03:30:56] [main/DEBUG] [REI] REIServerPlugin started main-reload for END.
[03:30:56] [main/DEBUG] [REI] ========================================
[03:30:56] [main/TRACE] [REI] [REIServerPlugin END] Reloading Section: "reloadable-plugin/MenuInfoRegistryImpl/"
[03:30:56] [main/TRACE] [REI] [REIServerPlugin END] Reloading Section: "reloadable-plugin/MenuInfoRegistryImpl/DefaultPluginImpl of DefaultPluginImpl [roughlyenoughitems]/"
[03:30:56] [main/TRACE] [REI] [REIServerPlugin END] Reloading Section: "reloadable-plugin/MenuInfoRegistryImpl/DefaultPluginImpl of DefaultPluginImpl [roughlyenoughitems]/" done in 36.19 μs
[03:30:56] [main/TRACE] [REI] [REIServerPlugin END] Reloading Section: "reloadable-plugin/MenuInfoRegistryImpl/AetherREIServerPlugin of AetherREIServerPlugin [aether]/"
[03:30:56] [main/TRACE] [REI] [REIServerPlugin END] Reloading Section: "reloadable-plugin/MenuInfoRegistryImpl/AetherREIServerPlugin of AetherREIServerPlugin [aether]/" done in 28.56 μs
[03:30:56] [main/TRACE] [REI] [REIServerPlugin END] Reloading Section: "reloadable-plugin/MenuInfoRegistryImpl/DefaultRuntimePlugin of DefaultRuntimePlugin [roughlyenoughitems]/"
[03:30:56] [main/TRACE] [REI] [REIServerPlugin END] Reloading Section: "reloadable-plugin/MenuInfoRegistryImpl/DefaultRuntimePlugin of DefaultRuntimePlugin [roughlyenoughitems]/" done in 32.41 μs
[03:30:56] [main/TRACE] [REI] [REIServerPlugin END] Reloading Section: "reloadable-plugin/MenuInfoRegistryImpl/" done in 336.6 μs
[03:30:56] [main/TRACE] [REI] [REIServerPlugin END] Reloading Section: "reloadable-plugin/SlotAccessorRegistryImpl/"
[03:30:56] [main/TRACE] [REI] [REIServerPlugin END] Reloading Section: "reloadable-plugin/SlotAccessorRegistryImpl/DefaultPluginImpl of DefaultPluginImpl [roughlyenoughitems]/"
[03:30:56] [main/TRACE] [REI] [REIServerPlugin END] Reloading Section: "reloadable-plugin/SlotAccessorRegistryImpl/DefaultPluginImpl of DefaultPluginImpl [roughlyenoughitems]/" done in 50.98 μs
[03:30:56] [main/TRACE] [REI] [REIServerPlugin END] Reloading Section: "reloadable-plugin/SlotAccessorRegistryImpl/AetherREIServerPlugin of AetherREIServerPlugin [aether]/"
[03:30:56] [main/TRACE] [REI] [REIServerPlugin END] Reloading Section: "reloadable-plugin/SlotAccessorRegistryImpl/AetherREIServerPlugin of AetherREIServerPlugin [aether]/" done in 41.64 μs
[03:30:56] [main/TRACE] [REI] [REIServerPlugin END] Reloading Section: "reloadable-plugin/SlotAccessorRegistryImpl/DefaultRuntimePlugin of DefaultRuntimePlugin [roughlyenoughitems]/"
[03:30:56] [main/DEBUG] [REI] Added slot accessor serializer: me.shedaniel.rei.plugin.common.runtime.DefaultRuntimePlugin$1@2d35cfa [roughlyenoughitems:vanilla]
[03:30:56] [main/DEBUG] [REI] Added slot accessor serializer: me.shedaniel.rei.plugin.common.runtime.DefaultRuntimePlugin$2@7910e7c7 [roughlyenoughitems:player]
[03:30:56] [main/TRACE] [REI] [REIServerPlugin END] Reloading Section: "reloadable-plugin/SlotAccessorRegistryImpl/DefaultRuntimePlugin of DefaultRuntimePlugin [roughlyenoughitems]/" done in 2.807 ms
[03:30:56] [main/TRACE] [REI] [REIServerPlugin END] Reloading Section: "reloadable-plugin/SlotAccessorRegistryImpl/" done in 3.204 ms
[03:30:56] [main/DEBUG] [REI] ========================================
[03:30:56] [main/DEBUG] [REI] REIServerPlugin ending main-reload for END.
[03:30:56] [main/DEBUG] [REI] ========================================
[03:30:56] [main/TRACE] [REI] [REIServerPlugin END] Reloading Section: "end-reload/"
[03:30:56] [main/TRACE] [REI] [REIServerPlugin END] Reloading Section: "end-reload/MenuInfoRegistryImpl/"
[03:30:56] [main/DEBUG] [REI] Registered 0 menu infos
[03:30:56] [main/TRACE] [REI] [REIServerPlugin END] Reloading Section: "end-reload/MenuInfoRegistryImpl/" done in 142.5 μs
[03:30:56] [main/TRACE] [REI] [REIServerPlugin END] Reloading Section: "end-reload/SlotAccessorRegistryImpl/"
[03:30:56] [main/DEBUG] [REI] Registered 2 slot accessor serializers
[03:30:56] [main/TRACE] [REI] [REIServerPlugin END] Reloading Section: "end-reload/SlotAccessorRegistryImpl/" done in 145.2 μs
[03:30:56] [main/TRACE] [REI] [REIServerPlugin END] Reloading Section: "end-reload/" done in 497.3 μs
[03:30:56] [main/DEBUG] [REI] ========================================
[03:30:56] [main/DEBUG] [REI] REIServerPlugin ended main-reload for END in 5.839 ms.
[03:30:56] [main/DEBUG] [REI] ========================================
[03:30:56] [main/DEBUG] [REI] ========================================
[03:30:56] [main/DEBUG] [REI] REIPlugin starting post-reload for END.
[03:30:56] [main/DEBUG] [REI] Reloadables (7):
[03:30:56] [main/DEBUG] [REI]  - EntryTypeRegistryImpl
[03:30:56] [main/DEBUG] [REI]  - EntrySettingsAdapterRegistryImpl
[03:30:56] [main/DEBUG] [REI]  - RecipeManagerContextImpl
[03:30:56] [main/DEBUG] [REI]  - ItemComparatorRegistryImpl
[03:30:56] [main/DEBUG] [REI]  - FluidComparatorRegistryImpl
[03:30:56] [main/DEBUG] [REI]  - DisplaySerializerRegistryImpl
[03:30:56] [main/DEBUG] [REI]  - FluidSupportProviderImpl
[03:30:56] [main/DEBUG] [REI] Plugins (3):
[03:30:56] [main/DEBUG] [REI]  - (-100.00) DefaultPluginImpl of DefaultPluginImpl [roughlyenoughitems]
[03:30:56] [main/DEBUG] [REI]  - (0.00) DefaultRuntimePlugin of DefaultRuntimePlugin [roughlyenoughitems]
[03:30:56] [main/DEBUG] [REI]  - (0.00) AetherREIServerPlugin of AetherREIServerPlugin [aether]
[03:30:56] [main/DEBUG] [REI] ========================================
[03:30:56] [main/TRACE] [REI] [REIPlugin END] Reloading Section: "post-register/"
[03:30:56] [main/TRACE] [REI] [REIPlugin END] Reloading Section: "post-register/DefaultPluginImpl of DefaultPluginImpl [roughlyenoughitems]/"
[03:30:56] [main/TRACE] [REI] [REIPlugin END] Reloading Section: "post-register/DefaultPluginImpl of DefaultPluginImpl [roughlyenoughitems]/" done in 43.03 μs
[03:30:56] [main/TRACE] [REI] [REIPlugin END] Reloading Section: "post-register/DefaultRuntimePlugin of DefaultRuntimePlugin [roughlyenoughitems]/"
[03:30:56] [main/TRACE] [REI] [REIPlugin END] Reloading Section: "post-register/DefaultRuntimePlugin of DefaultRuntimePlugin [roughlyenoughitems]/" done in 38.23 μs
[03:30:56] [main/TRACE] [REI] [REIPlugin END] Reloading Section: "post-register/AetherREIServerPlugin of AetherREIServerPlugin [aether]/"
[03:30:56] [main/TRACE] [REI] [REIPlugin END] Reloading Section: "post-register/AetherREIServerPlugin of AetherREIServerPlugin [aether]/" done in 38.13 μs
[03:30:56] [main/TRACE] [REI] [REIPlugin END] Reloading Section: "post-register/" done in 579.4 μs
[03:30:56] [main/TRACE] [REI] [REIPlugin END] Reloading Section: "post-stage/"
[03:30:56] [main/TRACE] [REI] [REIPlugin END] Reloading Section: "post-stage/EntryTypeRegistryImpl/"
[03:30:56] [main/TRACE] [REI] [REIPlugin END] Reloading Section: "post-stage/EntryTypeRegistryImpl/" done in 45.13 μs
[03:30:56] [main/TRACE] [REI] [REIPlugin END] Reloading Section: "post-stage/EntrySettingsAdapterRegistryImpl/"
[03:30:56] [main/TRACE] [REI] [REIPlugin END] Reloading Section: "post-stage/EntrySettingsAdapterRegistryImpl/" done in 40.22 μs
[03:30:56] [main/TRACE] [REI] [REIPlugin END] Reloading Section: "post-stage/RecipeManagerContextImpl/"
[03:30:56] [main/TRACE] [REI] [REIPlugin END] Reloading Section: "post-stage/RecipeManagerContextImpl/" done in 39.13 μs
[03:30:56] [main/TRACE] [REI] [REIPlugin END] Reloading Section: "post-stage/ItemComparatorRegistryImpl/"
[03:30:56] [main/TRACE] [REI] [REIPlugin END] Reloading Section: "post-stage/ItemComparatorRegistryImpl/" done in 40.20 μs
[03:30:56] [main/TRACE] [REI] [REIPlugin END] Reloading Section: "post-stage/FluidComparatorRegistryImpl/"
[03:30:56] [main/TRACE] [REI] [REIPlugin END] Reloading Section: "post-stage/FluidComparatorRegistryImpl/" done in 46.95 μs
[03:30:56] [main/TRACE] [REI] [REIPlugin END] Reloading Section: "post-stage/DisplaySerializerRegistryImpl/"
[03:30:56] [main/TRACE] [REI] [REIPlugin END] Reloading Section: "post-stage/DisplaySerializerRegistryImpl/" done in 51.92 μs
[03:30:56] [main/TRACE] [REI] [REIPlugin END] Reloading Section: "post-stage/FluidSupportProviderImpl/"
[03:30:56] [main/TRACE] [REI] [REIPlugin END] Reloading Section: "post-stage/FluidSupportProviderImpl/" done in 27.91 μs
[03:30:56] [main/TRACE] [REI] [REIPlugin END] Reloading Section: "post-stage/" done in 955.2 μs
[03:30:56] [main/DEBUG] [REI] ========================================
[03:30:56] [main/INFO] [REI] REIPlugin finished post-reload for END in 1.689 ms, totaling 132.0 ms.
[03:30:56] [main/DEBUG] [REI] ========================================
[03:30:56] [main/DEBUG] [REI] ========================================
[03:30:56] [main/DEBUG] [REI] REIServerPlugin starting post-reload for END.
[03:30:56] [main/DEBUG] [REI] Reloadables (2):
[03:30:56] [main/DEBUG] [REI]  - MenuInfoRegistryImpl
[03:30:56] [main/DEBUG] [REI]  - SlotAccessorRegistryImpl
[03:30:56] [main/DEBUG] [REI] Plugins (3):
[03:30:56] [main/DEBUG] [REI]  - (-100.00) DefaultPluginImpl of DefaultPluginImpl [roughlyenoughitems]
[03:30:56] [main/DEBUG] [REI]  - (0.00) AetherREIServerPlugin of AetherREIServerPlugin [aether]
[03:30:56] [main/DEBUG] [REI]  - (0.00) DefaultRuntimePlugin of DefaultRuntimePlugin [roughlyenoughitems]
[03:30:56] [main/DEBUG] [REI] ========================================
[03:30:56] [main/TRACE] [REI] [REIServerPlugin END] Reloading Section: "post-register/"
[03:30:56] [main/TRACE] [REI] [REIServerPlugin END] Reloading Section: "post-register/DefaultPluginImpl of DefaultPluginImpl [roughlyenoughitems]/"
[03:30:56] [main/TRACE] [REI] [REIServerPlugin END] Reloading Section: "post-register/DefaultPluginImpl of DefaultPluginImpl [roughlyenoughitems]/" done in 61.28 μs
[03:30:56] [main/TRACE] [REI] [REIServerPlugin END] Reloading Section: "post-register/AetherREIServerPlugin of AetherREIServerPlugin [aether]/"
[03:30:56] [main/TRACE] [REI] [REIServerPlugin END] Reloading Section: "post-register/AetherREIServerPlugin of AetherREIServerPlugin [aether]/" done in 31.50 μs
[03:30:56] [main/TRACE] [REI] [REIServerPlugin END] Reloading Section: "post-register/DefaultRuntimePlugin of DefaultRuntimePlugin [roughlyenoughitems]/"
[03:30:56] [main/TRACE] [REI] [REIServerPlugin END] Reloading Section: "post-register/DefaultRuntimePlugin of DefaultRuntimePlugin [roughlyenoughitems]/" done in 29.72 μs
[03:30:56] [main/TRACE] [REI] [REIServerPlugin END] Reloading Section: "post-register/" done in 565.0 μs
[03:30:56] [main/TRACE] [REI] [REIServerPlugin END] Reloading Section: "post-stage/"
[03:30:56] [main/TRACE] [REI] [REIServerPlugin END] Reloading Section: "post-stage/MenuInfoRegistryImpl/"
[03:30:56] [main/TRACE] [REI] [REIServerPlugin END] Reloading Section: "post-stage/MenuInfoRegistryImpl/" done in 24.54 μs
[03:30:56] [main/TRACE] [REI] [REIServerPlugin END] Reloading Section: "post-stage/SlotAccessorRegistryImpl/"
[03:30:56] [main/TRACE] [REI] [REIServerPlugin END] Reloading Section: "post-stage/SlotAccessorRegistryImpl/" done in 23.68 μs
[03:30:56] [main/TRACE] [REI] [REIServerPlugin END] Reloading Section: "post-stage/" done in 193.3 μs
[03:30:56] [main/DEBUG] [REI] ========================================
[03:30:56] [main/INFO] [REI] REIServerPlugin finished post-reload for END in 873.8 μs, totaling 7.641 ms.
[03:30:56] [main/DEBUG] [REI] ========================================
